--------------------------------------------------------------------------------
Release 14.7 Trace  (nt64)
Copyright (c) 1995-2013 Xilinx, Inc.  All rights reserved.

d:\Xilinx\14.7\ISE_DS\ISE\bin\nt64\unwrapped\trce.exe -intstyle ise -v 3 -s 2L
-n 3 -fastpaths -xml Top_OExp07_IP2CPU.twx Top_OExp07_IP2CPU.ncd -o
Top_OExp07_IP2CPU.twr Top_OExp07_IP2CPU.pcf -ucf SOC-Sword.ucf

Design file:              Top_OExp07_IP2CPU.ncd
Physical constraint file: Top_OExp07_IP2CPU.pcf
Device,package,speed:     xc7k160t,ffg676,C,-2L (PRODUCTION 1.10 2013-10-13)
Report level:             verbose report

Environment Variable      Effect 
--------------------      ------ 
NONE                      No environment variables were set
--------------------------------------------------------------------------------

INFO:Timing:3412 - To improve timing, see the Timing Closure User Guide (UG612).
INFO:Timing:2752 - To get complete path coverage, use the unconstrained paths 
   option. All paths that are not constrained will be reported in the 
   unconstrained paths section(s) of the report.
INFO:Timing:3339 - The clock-to-out numbers in this timing report are based on 
   a 50 Ohm transmission line loading model.  For the details of this model, 
   and for more information on accounting for different loading conditions, 
   please see the device datasheet.

================================================================================
Timing constraint: TS_CLK_100M = PERIOD TIMEGRP "TM_CLK" 10 ns HIGH 50%;
For more information, see Period Analysis in the Timing Closure User Guide (UG612).

 5103 paths analyzed, 501 endpoints analyzed, 0 failing endpoints
 0 timing errors detected. (0 setup errors, 0 hold errors, 0 component switching limit errors)
 Minimum period is   4.916ns.
--------------------------------------------------------------------------------

Paths for end point U6/P7SEG/sh_clk (SLICE_X47Y109.SR), 1 path
--------------------------------------------------------------------------------
Slack (setup path):     5.084ns (requirement - (data path - clock path skew + uncertainty))
  Source:               U9/rst (FF)
  Destination:          U6/P7SEG/sh_clk (FF)
  Requirement:          10.000ns
  Data Path Delay:      4.323ns (Levels of Logic = 0)
  Clock Path Skew:      -0.558ns (0.994 - 1.552)
  Source Clock:         clk_100mhz_BUFGP rising at 0.000ns
  Destination Clock:    clk_100mhz_BUFGP rising at 10.000ns
  Clock Uncertainty:    0.035ns

  Clock Uncertainty:          0.035ns  ((TSJ^2 + TIJ^2)^1/2 + DJ) / 2 + PE
    Total System Jitter (TSJ):  0.070ns
    Total Input Jitter (TIJ):   0.000ns
    Discrete Jitter (DJ):       0.000ns
    Phase Error (PE):           0.000ns

  Maximum Data Path at Slow Process Corner: U9/rst to U6/P7SEG/sh_clk
    Location             Delay type         Delay(ns)  Physical Resource
                                                       Logical Resource(s)
    -------------------------------------------------  -------------------
    SLICE_X105Y31.CQ     Tcko                  0.223   rst
                                                       U9/rst
    SLICE_X47Y109.SR     net (fanout=203)      3.888   rst
    SLICE_X47Y109.CLK    Trck                  0.212   U6/P7SEG/sh_clk
                                                       U6/P7SEG/sh_clk
    -------------------------------------------------  ---------------------------
    Total                                      4.323ns (0.435ns logic, 3.888ns route)
                                                       (10.1% logic, 89.9% route)

--------------------------------------------------------------------------------

Paths for end point U6/P7SEG/EN (SLICE_X40Y63.CE), 1 path
--------------------------------------------------------------------------------
Slack (setup path):     6.017ns (requirement - (data path - clock path skew + uncertainty))
  Source:               U9/rst (FF)
  Destination:          U6/P7SEG/EN (FF)
  Requirement:          10.000ns
  Data Path Delay:      3.563ns (Levels of Logic = 1)
  Clock Path Skew:      -0.385ns (0.995 - 1.380)
  Source Clock:         clk_100mhz_BUFGP rising at 0.000ns
  Destination Clock:    clk_100mhz_BUFGP rising at 10.000ns
  Clock Uncertainty:    0.035ns

  Clock Uncertainty:          0.035ns  ((TSJ^2 + TIJ^2)^1/2 + DJ) / 2 + PE
    Total System Jitter (TSJ):  0.070ns
    Total Input Jitter (TIJ):   0.000ns
    Discrete Jitter (DJ):       0.000ns
    Phase Error (PE):           0.000ns

  Maximum Data Path at Slow Process Corner: U9/rst to U6/P7SEG/EN
    Location             Delay type         Delay(ns)  Physical Resource
                                                       Logical Resource(s)
    -------------------------------------------------  -------------------
    SLICE_X105Y31.CQ     Tcko                  0.223   rst
                                                       U9/rst
    SLICE_X40Y63.B4      net (fanout=203)      2.798   rst
    SLICE_X40Y63.B       Tilo                  0.043   U6/P7SEG/S_0_1
                                                       U6/P7SEG/rst_inv1_INV_0
    SLICE_X40Y63.CE      net (fanout=2)        0.321   U6/P7SEG/rst_inv
    SLICE_X40Y63.CLK     Tceck                 0.178   U6/P7SEG/S_0_1
                                                       U6/P7SEG/EN
    -------------------------------------------------  ---------------------------
    Total                                      3.563ns (0.444ns logic, 3.119ns route)
                                                       (12.5% logic, 87.5% route)

--------------------------------------------------------------------------------

Paths for end point U6/P7SEG/S_0_1 (SLICE_X40Y63.CE), 1 path
--------------------------------------------------------------------------------
Slack (setup path):     6.017ns (requirement - (data path - clock path skew + uncertainty))
  Source:               U9/rst (FF)
  Destination:          U6/P7SEG/S_0_1 (FF)
  Requirement:          10.000ns
  Data Path Delay:      3.563ns (Levels of Logic = 1)
  Clock Path Skew:      -0.385ns (0.995 - 1.380)
  Source Clock:         clk_100mhz_BUFGP rising at 0.000ns
  Destination Clock:    clk_100mhz_BUFGP rising at 10.000ns
  Clock Uncertainty:    0.035ns

  Clock Uncertainty:          0.035ns  ((TSJ^2 + TIJ^2)^1/2 + DJ) / 2 + PE
    Total System Jitter (TSJ):  0.070ns
    Total Input Jitter (TIJ):   0.000ns
    Discrete Jitter (DJ):       0.000ns
    Phase Error (PE):           0.000ns

  Maximum Data Path at Slow Process Corner: U9/rst to U6/P7SEG/S_0_1
    Location             Delay type         Delay(ns)  Physical Resource
                                                       Logical Resource(s)
    -------------------------------------------------  -------------------
    SLICE_X105Y31.CQ     Tcko                  0.223   rst
                                                       U9/rst
    SLICE_X40Y63.B4      net (fanout=203)      2.798   rst
    SLICE_X40Y63.B       Tilo                  0.043   U6/P7SEG/S_0_1
                                                       U6/P7SEG/rst_inv1_INV_0
    SLICE_X40Y63.CE      net (fanout=2)        0.321   U6/P7SEG/rst_inv
    SLICE_X40Y63.CLK     Tceck                 0.178   U6/P7SEG/S_0_1
                                                       U6/P7SEG/S_0_1
    -------------------------------------------------  ---------------------------
    Total                                      3.563ns (0.444ns logic, 3.119ns route)
                                                       (12.5% logic, 87.5% route)

--------------------------------------------------------------------------------

Hold Paths: TS_CLK_100M = PERIOD TIMEGRP "TM_CLK" 10 ns HIGH 50%;
--------------------------------------------------------------------------------

Paths for end point U6/P7SEG/sh_clk_1 (SLICE_X40Y64.A6), 1 path
--------------------------------------------------------------------------------
Slack (hold path):      0.160ns (requirement - (clock path skew + uncertainty - data path))
  Source:               U6/P7SEG/state_FSM_FFd1 (FF)
  Destination:          U6/P7SEG/sh_clk_1 (FF)
  Requirement:          0.000ns
  Data Path Delay:      0.173ns (Levels of Logic = 1)
  Clock Path Skew:      0.013ns (0.074 - 0.061)
  Source Clock:         clk_100mhz_BUFGP rising at 10.000ns
  Destination Clock:    clk_100mhz_BUFGP rising at 10.000ns
  Clock Uncertainty:    0.000ns

  Minimum Data Path at Fast Process Corner: U6/P7SEG/state_FSM_FFd1 to U6/P7SEG/sh_clk_1
    Location             Delay type         Delay(ns)  Physical Resource
                                                       Logical Resource(s)
    -------------------------------------------------  -------------------
    SLICE_X40Y65.AQ      Tcko                  0.118   U6/P7SEG/state_FSM_FFd1
                                                       U6/P7SEG/state_FSM_FFd1
    SLICE_X40Y64.A6      net (fanout=5)        0.114   U6/P7SEG/state_FSM_FFd1
    SLICE_X40Y64.CLK     Tah         (-Th)     0.059   U6/P7SEG/sh_clk_1
                                                       U6/P7SEG/state[1]_GND_13_o_Select_19_o1
                                                       U6/P7SEG/sh_clk_1
    -------------------------------------------------  ---------------------------
    Total                                      0.173ns (0.059ns logic, 0.114ns route)
                                                       (34.1% logic, 65.9% route)

--------------------------------------------------------------------------------

Paths for end point U6/P7SEG/S_0 (SLICE_X41Y63.B4), 1 path
--------------------------------------------------------------------------------
Slack (hold path):      0.191ns (requirement - (clock path skew + uncertainty - data path))
  Source:               U6/P7SEG/S_0_1 (FF)
  Destination:          U6/P7SEG/S_0 (FF)
  Requirement:          0.000ns
  Data Path Delay:      0.202ns (Levels of Logic = 1)
  Clock Path Skew:      0.011ns (0.063 - 0.052)
  Source Clock:         clk_100mhz_BUFGP rising at 10.000ns
  Destination Clock:    clk_100mhz_BUFGP rising at 10.000ns
  Clock Uncertainty:    0.000ns

  Minimum Data Path at Fast Process Corner: U6/P7SEG/S_0_1 to U6/P7SEG/S_0
    Location             Delay type         Delay(ns)  Physical Resource
                                                       Logical Resource(s)
    -------------------------------------------------  -------------------
    SLICE_X40Y63.BQ      Tcko                  0.118   U6/P7SEG/S_0_1
                                                       U6/P7SEG/S_0_1
    SLICE_X41Y63.B4      net (fanout=1)        0.116   U6/P7SEG/S_0_1
    SLICE_X41Y63.CLK     Tah         (-Th)     0.032   U6/P7SEG/S<1>
                                                       U6/P7SEG/state[1]_PWR_13_o_select_17_OUT<0>1
                                                       U6/P7SEG/S_0
    -------------------------------------------------  ---------------------------
    Total                                      0.202ns (0.086ns logic, 0.116ns route)
                                                       (42.6% logic, 57.4% route)

--------------------------------------------------------------------------------

Paths for end point U6/P7SEG/sh_clk_1 (SLICE_X40Y64.A3), 1 path
--------------------------------------------------------------------------------
Slack (hold path):      0.198ns (requirement - (clock path skew + uncertainty - data path))
  Source:               U6/P7SEG/sh_clk_1 (FF)
  Destination:          U6/P7SEG/sh_clk_1 (FF)
  Requirement:          0.000ns
  Data Path Delay:      0.198ns (Levels of Logic = 1)
  Clock Path Skew:      0.000ns
  Source Clock:         clk_100mhz_BUFGP rising at 10.000ns
  Destination Clock:    clk_100mhz_BUFGP rising at 10.000ns
  Clock Uncertainty:    0.000ns

  Minimum Data Path at Fast Process Corner: U6/P7SEG/sh_clk_1 to U6/P7SEG/sh_clk_1
    Location             Delay type         Delay(ns)  Physical Resource
                                                       Logical Resource(s)
    -------------------------------------------------  -------------------
    SLICE_X40Y64.AQ      Tcko                  0.118   U6/P7SEG/sh_clk_1
                                                       U6/P7SEG/sh_clk_1
    SLICE_X40Y64.A3      net (fanout=1)        0.139   U6/P7SEG/sh_clk_1
    SLICE_X40Y64.CLK     Tah         (-Th)     0.059   U6/P7SEG/sh_clk_1
                                                       U6/P7SEG/state[1]_GND_13_o_Select_19_o1
                                                       U6/P7SEG/sh_clk_1
    -------------------------------------------------  ---------------------------
    Total                                      0.198ns (0.059ns logic, 0.139ns route)
                                                       (29.8% logic, 70.2% route)

--------------------------------------------------------------------------------

Component Switching Limit Checks: TS_CLK_100M = PERIOD TIMEGRP "TM_CLK" 10 ns HIGH 50%;
--------------------------------------------------------------------------------
Slack: 8.161ns (period - min period limit)
  Period: 10.000ns
  Min period limit: 1.839ns (543.774MHz) (Trper_CLKA)
  Physical resource: U3/U0/xst_blk_mem_generator/gnativebmg.native_blk_mem_gen/valid.cstr/ramloop[0].ram.r/v6_init.ram/NO_BMM_INFO.SP.SIMPLE_PRIM36.ram/CLKARDCLKL
  Logical resource: U3/U0/xst_blk_mem_generator/gnativebmg.native_blk_mem_gen/valid.cstr/ramloop[0].ram.r/v6_init.ram/NO_BMM_INFO.SP.SIMPLE_PRIM36.ram/CLKARDCLKL
  Location pin: RAMB36_X3Y7.CLKARDCLKL
  Clock network: clk_100mhz_BUFGP
--------------------------------------------------------------------------------
Slack: 8.161ns (period - min period limit)
  Period: 10.000ns
  Min period limit: 1.839ns (543.774MHz) (Trper_CLKA)
  Physical resource: U3/U0/xst_blk_mem_generator/gnativebmg.native_blk_mem_gen/valid.cstr/ramloop[0].ram.r/v6_init.ram/NO_BMM_INFO.SP.SIMPLE_PRIM36.ram/CLKARDCLKU
  Logical resource: U3/U0/xst_blk_mem_generator/gnativebmg.native_blk_mem_gen/valid.cstr/ramloop[0].ram.r/v6_init.ram/NO_BMM_INFO.SP.SIMPLE_PRIM36.ram/CLKARDCLKU
  Location pin: RAMB36_X3Y7.CLKARDCLKU
  Clock network: clk_100mhz_BUFGP
--------------------------------------------------------------------------------
Slack: 8.161ns (period - min period limit)
  Period: 10.000ns
  Min period limit: 1.839ns (543.774MHz) (Trper_CLKB)
  Physical resource: U3/U0/xst_blk_mem_generator/gnativebmg.native_blk_mem_gen/valid.cstr/ramloop[0].ram.r/v6_init.ram/NO_BMM_INFO.SP.SIMPLE_PRIM36.ram/CLKBWRCLKL
  Logical resource: U3/U0/xst_blk_mem_generator/gnativebmg.native_blk_mem_gen/valid.cstr/ramloop[0].ram.r/v6_init.ram/NO_BMM_INFO.SP.SIMPLE_PRIM36.ram/CLKBWRCLKL
  Location pin: RAMB36_X3Y7.CLKBWRCLKL
  Clock network: clk_100mhz_BUFGP
--------------------------------------------------------------------------------


All constraints were met.


Data Sheet report:
-----------------
All values displayed in nanoseconds (ns)

Clock to Setup on destination clock clk_100mhz
---------------+---------+---------+---------+---------+
               | Src:Rise| Src:Fall| Src:Rise| Src:Fall|
Source Clock   |Dest:Rise|Dest:Rise|Dest:Fall|Dest:Fall|
---------------+---------+---------+---------+---------+
clk_100mhz     |    4.916|         |         |         |
---------------+---------+---------+---------+---------+


Timing summary:
---------------

Timing errors: 0  Score: 0  (Setup/Max: 0, Hold: 0)

Constraints cover 5103 paths, 0 nets, and 650 connections

Design statistics:
   Minimum period:   4.916ns{1}   (Maximum frequency: 203.417MHz)


------------------------------------Footnotes-----------------------------------
1)  The minimum period statistic assumes all single cycle delays.

Analysis completed Tue May 09 17:03:10 2017 
--------------------------------------------------------------------------------

Trace Settings:
-------------------------
Trace Settings 

Peak Memory Usage: 828 MB



