Release 14.7 - xst P.20131013 (nt64)
Copyright (c) 1995-2013 Xilinx, Inc.  All rights reserved.
--> Parameter TMPDIR set to xst/projnav.tmp


Total REAL time to Xst completion: 1.00 secs
Total CPU time to Xst completion: 0.44 secs
 
--> Parameter xsthdpdir set to xst


Total REAL time to Xst completion: 1.00 secs
Total CPU time to Xst completion: 0.44 secs
 
--> Reading design: alu.prj

TABLE OF CONTENTS
  1) Synthesis Options Summary
  2) HDL Parsing
  3) HDL Elaboration
  4) HDL Synthesis
       4.1) HDL Synthesis Report
  5) Advanced HDL Synthesis
       5.1) Advanced HDL Synthesis Report
  6) Low Level Synthesis
  7) Partition Report
  8) Design Summary
       8.1) Primitive and Black Box Usage
       8.2) Device utilization summary
       8.3) Partition Resource Summary
       8.4) Timing Report
            8.4.1) Clock Information
            8.4.2) Asynchronous Control Signals Information
            8.4.3) Timing Summary
            8.4.4) Timing Details
            8.4.5) Cross Clock Domains Report


=========================================================================
*                      Synthesis Options Summary                        *
=========================================================================
---- Source Parameters
Input File Name                    : "alu.prj"
Ignore Synthesis Constraint File   : NO

---- Target Parameters
Output File Name                   : "alu"
Output Format                      : NGC
Target Device                      : xc7k160t-2L-ffg676

---- Source Options
Top Module Name                    : alu
Automatic FSM Extraction           : YES
FSM Encoding Algorithm             : Auto
Safe Implementation                : No
FSM Style                          : LUT
RAM Extraction                     : Yes
RAM Style                          : Auto
ROM Extraction                     : Yes
Shift Register Extraction          : YES
ROM Style                          : Auto
Resource Sharing                   : YES
Asynchronous To Synchronous        : NO
Shift Register Minimum Size        : 2
Use DSP Block                      : Auto
Automatic Register Balancing       : No

---- Target Options
LUT Combining                      : Auto
Reduce Control Sets                : Auto
Add IO Buffers                     : YES
Global Maximum Fanout              : 100000
Add Generic Clock Buffer(BUFG)     : 32
Register Duplication               : YES
Optimize Instantiated Primitives   : NO
Use Clock Enable                   : Auto
Use Synchronous Set                : Auto
Use Synchronous Reset              : Auto
Pack IO Registers into IOBs        : Auto
Equivalent register Removal        : YES

---- General Options
Optimization Goal                  : Speed
Optimization Effort                : 1
Power Reduction                    : NO
Keep Hierarchy                     : No
Netlist Hierarchy                  : As_Optimized
RTL Output                         : Yes
Global Optimization                : AllClockNets
Read Cores                         : YES
Write Timing Constraints           : NO
Cross Clock Analysis               : NO
Hierarchy Separator                : /
Bus Delimiter                      : <>
Case Specifier                     : Maintain
Slice Utilization Ratio            : 100
BRAM Utilization Ratio             : 100
DSP48 Utilization Ratio            : 100
Auto BRAM Packing                  : NO
Slice Utilization Ratio Delta      : 5

=========================================================================


=========================================================================
*                          HDL Parsing                                  *
=========================================================================
Analyzing Verilog file "E:\ex4\ALU\xor32.v" into library work
Parsing module <xor32>.
Analyzing Verilog file "E:\ex4\ALU\srl32.v" into library work
Parsing module <srl32>.
Analyzing Verilog file "E:\ex4\ALU\or_bit_32.v" into library work
Parsing module <or_bit_32>.
Analyzing Verilog file "E:\ex4\ALU\or32.v" into library work
Parsing module <or32>.
Analyzing Verilog file "E:\ex4\ALU\nor32.v" into library work
Parsing module <nor32>.
Analyzing Verilog file "E:\ex4\ALU\MUX8T1_32.v" into library work
Parsing module <MUX8T1_32>.
Analyzing Verilog file "E:\ex4\ALU\and32.v" into library work
Parsing module <and32>.
Analyzing Verilog file "E:\ex4\ALU\ADC32.v" into library work
Parsing module <ADC32>.
Analyzing Verilog file "E:\ex4\ALU\alu.vf" into library work
Parsing module <alu>.

=========================================================================
*                            HDL Elaboration                            *
=========================================================================

Elaborating module <alu>.

Elaborating module <ADC32>.

Elaborating module <and32>.

Elaborating module <or32>.

Elaborating module <xor32>.

Elaborating module <nor32>.

Elaborating module <srl32>.

Elaborating module <or_bit_32>.

Elaborating module <MUX8T1_32>.

Elaborating module <GND>.

=========================================================================
*                           HDL Synthesis                               *
=========================================================================

Synthesizing Unit <alu>.
    Related source file is "E:\ex4\ALU\alu.vf".
    Summary:
	no macro.
Unit <alu> synthesized.

Synthesizing Unit <ADC32>.
    Related source file is "E:\ex4\ALU\ADC32.v".
    Found 33-bit subtractor for signal <GND_2_o_GND_2_o_sub_1_OUT> created at line 27.
    Found 33-bit adder for signal <n0010> created at line 27.
    Summary:
	inferred   1 Adder/Subtractor(s).
Unit <ADC32> synthesized.

Synthesizing Unit <and32>.
    Related source file is "E:\ex4\ALU\and32.v".
    Summary:
	no macro.
Unit <and32> synthesized.

Synthesizing Unit <or32>.
    Related source file is "E:\ex4\ALU\or32.v".
    Summary:
	no macro.
Unit <or32> synthesized.

Synthesizing Unit <xor32>.
    Related source file is "E:\ex4\ALU\xor32.v".
    Summary:
Unit <xor32> synthesized.

Synthesizing Unit <nor32>.
    Related source file is "E:\ex4\ALU\nor32.v".
    Summary:
	no macro.
Unit <nor32> synthesized.

Synthesizing Unit <srl32>.
    Related source file is "E:\ex4\ALU\srl32.v".
WARNING:Xst:647 - Input <B<5:0>> is never used. This port will be preserved and left unconnected if it belongs to a top-level block or it belongs to a sub-block and the hierarchy of this sub-block is preserved.
WARNING:Xst:647 - Input <B<31:11>> is never used. This port will be preserved and left unconnected if it belongs to a top-level block or it belongs to a sub-block and the hierarchy of this sub-block is preserved.
    Found 32-bit shifter logical right for signal <res> created at line 23
    Summary:
	inferred   1 Combinational logic shifter(s).
Unit <srl32> synthesized.

Synthesizing Unit <or_bit_32>.
    Related source file is "E:\ex4\ALU\or_bit_32.v".
    Summary:
	no macro.
Unit <or_bit_32> synthesized.

Synthesizing Unit <MUX8T1_32>.
    Related source file is "E:\ex4\ALU\MUX8T1_32.v".
    Found 32-bit 8-to-1 multiplexer for signal <o> created at line 34.
    Summary:
	inferred   1 Multiplexer(s).
Unit <MUX8T1_32> synthesized.

=========================================================================
HDL Synthesis Report

Macro Statistics
# Adders/Subtractors                                   : 1
 33-bit addsub                                         : 1
# Multiplexers                                         : 1
 32-bit 8-to-1 multiplexer                             : 1
# Logic shifters                                       : 1
 32-bit shifter logical right                          : 1
# Xors                                                 : 1
 32-bit xor2                                           : 1

=========================================================================

=========================================================================
*                       Advanced HDL Synthesis                          *
=========================================================================


=========================================================================
Advanced HDL Synthesis Report

Macro Statistics
# Adders/Subtractors                                   : 1
 33-bit addsub                                         : 1
# Multiplexers                                         : 1
 32-bit 8-to-1 multiplexer                             : 1
# Logic shifters                                       : 1
 32-bit shifter logical right                          : 1
# Xors                                                 : 1
 32-bit xor2                                           : 1

=========================================================================

=========================================================================
*                         Low Level Synthesis                           *
=========================================================================

Optimizing unit <alu> ...

Mapping all equations...
Building and optimizing final netlist ...
Found area constraint ratio of 100 (+ 5) on block alu, actual ratio is 0.

Final Macro Processing ...

=========================================================================
Final Register Report

Found no macro
=========================================================================

=========================================================================
*                           Partition Report                            *
=========================================================================

Partition Implementation Status
-------------------------------

  No Partitions were found in this design.

-------------------------------

=========================================================================
*                            Design Summary                             *
=========================================================================

Top Level Output File Name         : alu.ngc

Primitive and Black Box Usage:
------------------------------
# BELS                             : 303
#      LUT1                        : 1
#      LUT2                        : 5
#      LUT3                        : 73
#      LUT4                        : 19
#      LUT5                        : 45
#      LUT6                        : 87
#      MUXCY                       : 32
#      MUXF7                       : 8
#      XORCY                       : 33
# IO Buffers                       : 101
#      IBUF                        : 67
#      OBUF                        : 34

Device utilization summary:
---------------------------

Selected Device : 7k160tffg676-2l 


Slice Logic Utilization: 
 Number of Slice LUTs:                  230  out of  101400     0%  
    Number used as Logic:               230  out of  101400     0%  

Slice Logic Distribution: 
 Number of LUT Flip Flop pairs used:    230
   Number with an unused Flip Flop:     230  out of    230   100%  
   Number with an unused LUT:             0  out of    230     0%  
   Number of fully used LUT-FF pairs:     0  out of    230     0%  
   Number of unique control sets:         0

IO Utilization: 
 Number of IOs:                         102
 Number of bonded IOBs:                 101  out of    400    25%  

Specific Feature Utilization:

---------------------------
Partition Resource Summary:
---------------------------

  No Partitions were found in this design.

---------------------------


=========================================================================
Timing Report

NOTE: THESE TIMING NUMBERS ARE ONLY A SYNTHESIS ESTIMATE.
      FOR ACCURATE TIMING INFORMATION PLEASE REFER TO THE TRACE REPORT
      GENERATED AFTER PLACE-and-ROUTE.

Clock Information:
------------------
No clock signals found in this design

Asynchronous Control Signals Information:
----------------------------------------
No asynchronous control signals found in this design

Timing Summary:
---------------
Speed Grade: -2

   Minimum period: No path found
   Minimum input arrival time before clock: No path found
   Maximum output required time after clock: No path found
   Maximum combinational path delay: 4.476ns

Timing Details:
---------------
All values displayed in nanoseconds (ns)

=========================================================================
Timing constraint: Default path analysis
  Total number of paths / destination ports: 7690 / 34
-------------------------------------------------------------------------
Delay:               4.476ns (Levels of Logic = 10)
  Source:            B<6> (PAD)
  Destination:       zero (PAD)

  Data Path: B<6> to zero
                                Gate     Net
    Cell:in->out      fanout   Delay   Delay  Logical Name (Net Name)
    ----------------------------------------  ------------
     IBUF:I->O            39   0.000   0.744  B_6_IBUF (B_6_IBUF)
     LUT6:I0->O            2   0.043   0.355  Sh231 (Sh23)
     LUT5:I4->O            3   0.043   0.507  Sh5111 (Sh511)
     LUT4:I1->O            2   0.043   0.355  Sh551 (Sh55)
     LUT6:I5->O            1   0.043   0.603  MUXALU/Mmux_o302 (MUXALU/Mmux_o301)
     LUT6:I1->O            2   0.043   0.527  MUXALU/Mmux_o306 (res_7_OBUF)
     LUT6:I2->O            1   0.043   0.350  ALU_Zero/o<0>3 (ALU_Zero/o<0>2)
     LUT5:I4->O            1   0.043   0.350  ALU_Zero/o<0>4 (ALU_Zero/o<0>3)
     LUT6:I5->O            1   0.043   0.339  ALU_Zero/o<0>8 (zero_OBUF)
     OBUF:I->O                 0.000          zero_OBUF (zero)
    ----------------------------------------
    Total                      4.476ns (0.344ns logic, 4.132ns route)
                                       (7.7% logic, 92.3% route)

=========================================================================

Cross Clock Domains Report:
--------------------------

=========================================================================


Total REAL time to Xst completion: 27.00 secs
Total CPU time to Xst completion: 26.96 secs
 
--> 

Total memory usage is 424724 kilobytes

Number of errors   :    0 (   0 filtered)
Number of warnings :    2 (   0 filtered)
Number of infos    :    0 (   0 filtered)

