--------------------------------------------------------------------------------
Release 14.7 Trace  (nt64)
Copyright (c) 1995-2013 Xilinx, Inc.  All rights reserved.

d:\Xilinx\14.7\ISE_DS\ISE\bin\nt64\unwrapped\trce.exe -intstyle ise -v 3 -s 2L
-n 3 -fastpaths -xml SOCMF.twx SOCMF.ncd -o SOCMF.twr SOCMF.pcf -ucf
SOC-Sword.ucf

Design file:              SOCMF.ncd
Physical constraint file: SOCMF.pcf
Device,package,speed:     xc7k160t,ffg676,C,-2L (PRODUCTION 1.10 2013-10-13)
Report level:             verbose report

Environment Variable      Effect 
--------------------      ------ 
NONE                      No environment variables were set
--------------------------------------------------------------------------------

INFO:Timing:3412 - To improve timing, see the Timing Closure User Guide (UG612).
INFO:Timing:2752 - To get complete path coverage, use the unconstrained paths 
   option. All paths that are not constrained will be reported in the 
   unconstrained paths section(s) of the report.
INFO:Timing:3339 - The clock-to-out numbers in this timing report are based on 
   a 50 Ohm transmission line loading model.  For the details of this model, 
   and for more information on accounting for different loading conditions, 
   please see the device datasheet.

================================================================================
Timing constraint: TS_CLK_100M = PERIOD TIMEGRP "TM_CLK" 10 ns HIGH 50%;
For more information, see Period Analysis in the Timing Closure User Guide (UG612).

 5103 paths analyzed, 501 endpoints analyzed, 0 failing endpoints
 0 timing errors detected. (0 setup errors, 0 hold errors, 0 component switching limit errors)
 Minimum period is   3.868ns.
--------------------------------------------------------------------------------

Paths for end point U6/P7SEG/S_0_1 (SLICE_X51Y76.CE), 1 path
--------------------------------------------------------------------------------
Slack (setup path):     6.132ns (requirement - (data path - clock path skew + uncertainty))
  Source:               U9/rst (FF)
  Destination:          U6/P7SEG/S_0_1 (FF)
  Requirement:          10.000ns
  Data Path Delay:      3.480ns (Levels of Logic = 1)
  Clock Path Skew:      -0.353ns (0.977 - 1.330)
  Source Clock:         clk_100mhz_BUFGP rising at 0.000ns
  Destination Clock:    clk_100mhz_BUFGP rising at 10.000ns
  Clock Uncertainty:    0.035ns

  Clock Uncertainty:          0.035ns  ((TSJ^2 + TIJ^2)^1/2 + DJ) / 2 + PE
    Total System Jitter (TSJ):  0.070ns
    Total Input Jitter (TIJ):   0.000ns
    Discrete Jitter (DJ):       0.000ns
    Phase Error (PE):           0.000ns

  Maximum Data Path at Slow Process Corner: U9/rst to U6/P7SEG/S_0_1
    Location             Delay type         Delay(ns)  Physical Resource
                                                       Logical Resource(s)
    -------------------------------------------------  -------------------
    SLICE_X100Y33.AQ     Tcko                  0.223   rst
                                                       U9/rst
    SLICE_X50Y76.A6      net (fanout=348)      2.712   rst
    SLICE_X50Y76.A       Tilo                  0.043   SEGEN_OBUF
                                                       U6/P7SEG/rst_inv1_INV_0
    SLICE_X51Y76.CE      net (fanout=2)        0.301   U6/P7SEG/rst_inv
    SLICE_X51Y76.CLK     Tceck                 0.201   U6/P7SEG/S_0_1
                                                       U6/P7SEG/S_0_1
    -------------------------------------------------  ---------------------------
    Total                                      3.480ns (0.467ns logic, 3.013ns route)
                                                       (13.4% logic, 86.6% route)

--------------------------------------------------------------------------------

Paths for end point U9/CR (SLICE_X48Y50.D4), 1 path
--------------------------------------------------------------------------------
Slack (setup path):     6.233ns (requirement - (data path - clock path skew + uncertainty))
  Source:               U9/RSTN_temp (FF)
  Destination:          U9/CR (FF)
  Requirement:          10.000ns
  Data Path Delay:      3.344ns (Levels of Logic = 2)
  Clock Path Skew:      -0.388ns (0.993 - 1.381)
  Source Clock:         clk_100mhz_BUFGP rising at 0.000ns
  Destination Clock:    clk_100mhz_BUFGP rising at 10.000ns
  Clock Uncertainty:    0.035ns

  Clock Uncertainty:          0.035ns  ((TSJ^2 + TIJ^2)^1/2 + DJ) / 2 + PE
    Total System Jitter (TSJ):  0.070ns
    Total Input Jitter (TIJ):   0.000ns
    Discrete Jitter (DJ):       0.000ns
    Phase Error (PE):           0.000ns

  Maximum Data Path at Slow Process Corner: U9/RSTN_temp to U9/CR
    Location             Delay type         Delay(ns)  Physical Resource
                                                       Logical Resource(s)
    -------------------------------------------------  -------------------
    SLICE_X103Y32.BQ     Tcko                  0.223   U9/RSTN_temp
                                                       U9/RSTN_temp
    SLICE_X92Y55.B2      net (fanout=55)       1.472   U9/RSTN_temp
    SLICE_X92Y55.B       Tilo                  0.043   SW_OK<2>
                                                       U9/_n0243_inv1_cepot_rstpot
    SLICE_X48Y50.D4      net (fanout=17)       1.597   U9/_n0243_inv1_cepot_rstpot
    SLICE_X48Y50.CLK     Tas                   0.009   CR_OBUF
                                                       U9/CR_dpot1
                                                       U9/CR
    -------------------------------------------------  ---------------------------
    Total                                      3.344ns (0.275ns logic, 3.069ns route)
                                                       (8.2% logic, 91.8% route)

--------------------------------------------------------------------------------

Paths for end point U6/P7SEG/S_0 (SLICE_X50Y76.CE), 1 path
--------------------------------------------------------------------------------
Slack (setup path):     6.248ns (requirement - (data path - clock path skew + uncertainty))
  Source:               U9/rst (FF)
  Destination:          U6/P7SEG/S_0 (FF)
  Requirement:          10.000ns
  Data Path Delay:      3.364ns (Levels of Logic = 1)
  Clock Path Skew:      -0.353ns (0.977 - 1.330)
  Source Clock:         clk_100mhz_BUFGP rising at 0.000ns
  Destination Clock:    clk_100mhz_BUFGP rising at 10.000ns
  Clock Uncertainty:    0.035ns

  Clock Uncertainty:          0.035ns  ((TSJ^2 + TIJ^2)^1/2 + DJ) / 2 + PE
    Total System Jitter (TSJ):  0.070ns
    Total Input Jitter (TIJ):   0.000ns
    Discrete Jitter (DJ):       0.000ns
    Phase Error (PE):           0.000ns

  Maximum Data Path at Slow Process Corner: U9/rst to U6/P7SEG/S_0
    Location             Delay type         Delay(ns)  Physical Resource
                                                       Logical Resource(s)
    -------------------------------------------------  -------------------
    SLICE_X100Y33.AQ     Tcko                  0.223   rst
                                                       U9/rst
    SLICE_X50Y76.A6      net (fanout=348)      2.712   rst
    SLICE_X50Y76.A       Tilo                  0.043   SEGEN_OBUF
                                                       U6/P7SEG/rst_inv1_INV_0
    SLICE_X50Y76.CE      net (fanout=2)        0.208   U6/P7SEG/rst_inv
    SLICE_X50Y76.CLK     Tceck                 0.178   SEGEN_OBUF
                                                       U6/P7SEG/S_0
    -------------------------------------------------  ---------------------------
    Total                                      3.364ns (0.444ns logic, 2.920ns route)
                                                       (13.2% logic, 86.8% route)

--------------------------------------------------------------------------------

Hold Paths: TS_CLK_100M = PERIOD TIMEGRP "TM_CLK" 10 ns HIGH 50%;
--------------------------------------------------------------------------------

Paths for end point U6/P7SEG/Go_0 (SLICE_X53Y76.AX), 1 path
--------------------------------------------------------------------------------
Slack (hold path):      0.111ns (requirement - (clock path skew + uncertainty - data path))
  Source:               U8/clkdiv_20 (FF)
  Destination:          U6/P7SEG/Go_0 (FF)
  Requirement:          0.000ns
  Data Path Delay:      0.301ns (Levels of Logic = 0)
  Clock Path Skew:      0.190ns (0.659 - 0.469)
  Source Clock:         clk_100mhz_BUFGP rising at 10.000ns
  Destination Clock:    clk_100mhz_BUFGP rising at 10.000ns
  Clock Uncertainty:    0.000ns

  Minimum Data Path at Fast Process Corner: U8/clkdiv_20 to U6/P7SEG/Go_0
    Location             Delay type         Delay(ns)  Physical Resource
                                                       Logical Resource(s)
    -------------------------------------------------  -------------------
    SLICE_X56Y73.AQ      Tcko                  0.100   U8/clkdiv<23>
                                                       U8/clkdiv_20
    SLICE_X53Y76.AX      net (fanout=5)        0.241   U8/clkdiv<20>
    SLICE_X53Y76.CLK     Tckdi       (-Th)     0.040   U6/P7SEG/Go<1>
                                                       U6/P7SEG/Go_0
    -------------------------------------------------  ---------------------------
    Total                                      0.301ns (0.060ns logic, 0.241ns route)
                                                       (19.9% logic, 80.1% route)

--------------------------------------------------------------------------------

Paths for end point U6/P7SEG/S_0_1 (SLICE_X51Y76.B6), 1 path
--------------------------------------------------------------------------------
Slack (hold path):      0.171ns (requirement - (clock path skew + uncertainty - data path))
  Source:               U6/P7SEG/Go_1 (FF)
  Destination:          U6/P7SEG/S_0_1 (FF)
  Requirement:          0.000ns
  Data Path Delay:      0.182ns (Levels of Logic = 1)
  Clock Path Skew:      0.011ns (0.064 - 0.053)
  Source Clock:         clk_100mhz_BUFGP rising at 10.000ns
  Destination Clock:    clk_100mhz_BUFGP rising at 10.000ns
  Clock Uncertainty:    0.000ns

  Minimum Data Path at Fast Process Corner: U6/P7SEG/Go_1 to U6/P7SEG/S_0_1
    Location             Delay type         Delay(ns)  Physical Resource
                                                       Logical Resource(s)
    -------------------------------------------------  -------------------
    SLICE_X53Y76.BQ      Tcko                  0.100   U6/P7SEG/Go<1>
                                                       U6/P7SEG/Go_1
    SLICE_X51Y76.B6      net (fanout=4)        0.114   U6/P7SEG/Go<1>
    SLICE_X51Y76.CLK     Tah         (-Th)     0.032   U6/P7SEG/S_0_1
                                                       U6/P7SEG/state[1]_PWR_13_o_select_17_OUT<0>1
                                                       U6/P7SEG/S_0_1
    -------------------------------------------------  ---------------------------
    Total                                      0.182ns (0.068ns logic, 0.114ns route)
                                                       (37.4% logic, 62.6% route)

--------------------------------------------------------------------------------

Paths for end point U6/P7SEG/state_FSM_FFd1 (SLICE_X50Y77.A5), 1 path
--------------------------------------------------------------------------------
Slack (hold path):      0.178ns (requirement - (clock path skew + uncertainty - data path))
  Source:               U6/P7SEG/Go_0 (FF)
  Destination:          U6/P7SEG/state_FSM_FFd1 (FF)
  Requirement:          0.000ns
  Data Path Delay:      0.191ns (Levels of Logic = 1)
  Clock Path Skew:      0.013ns (0.066 - 0.053)
  Source Clock:         clk_100mhz_BUFGP rising at 10.000ns
  Destination Clock:    clk_100mhz_BUFGP rising at 10.000ns
  Clock Uncertainty:    0.000ns

  Minimum Data Path at Fast Process Corner: U6/P7SEG/Go_0 to U6/P7SEG/state_FSM_FFd1
    Location             Delay type         Delay(ns)  Physical Resource
                                                       Logical Resource(s)
    -------------------------------------------------  -------------------
    SLICE_X53Y76.AQ      Tcko                  0.100   U6/P7SEG/Go<1>
                                                       U6/P7SEG/Go_0
    SLICE_X50Y77.A5      net (fanout=5)        0.150   U6/P7SEG/Go<0>
    SLICE_X50Y77.CLK     Tah         (-Th)     0.059   U6/P7SEG/state_FSM_FFd1
                                                       U6/P7SEG/state_FSM_FFd1-In1
                                                       U6/P7SEG/state_FSM_FFd1
    -------------------------------------------------  ---------------------------
    Total                                      0.191ns (0.041ns logic, 0.150ns route)
                                                       (21.5% logic, 78.5% route)

--------------------------------------------------------------------------------

Component Switching Limit Checks: TS_CLK_100M = PERIOD TIMEGRP "TM_CLK" 10 ns HIGH 50%;
--------------------------------------------------------------------------------
Slack: 8.161ns (period - min period limit)
  Period: 10.000ns
  Min period limit: 1.839ns (543.774MHz) (Trper_CLKA)
  Physical resource: U3/U0/xst_blk_mem_generator/gnativebmg.native_blk_mem_gen/valid.cstr/ramloop[0].ram.r/v6_init.ram/NO_BMM_INFO.SP.SIMPLE_PRIM36.ram/CLKARDCLKL
  Logical resource: U3/U0/xst_blk_mem_generator/gnativebmg.native_blk_mem_gen/valid.cstr/ramloop[0].ram.r/v6_init.ram/NO_BMM_INFO.SP.SIMPLE_PRIM36.ram/CLKARDCLKL
  Location pin: RAMB36_X3Y10.CLKARDCLKL
  Clock network: clk_100mhz_BUFGP
--------------------------------------------------------------------------------
Slack: 8.161ns (period - min period limit)
  Period: 10.000ns
  Min period limit: 1.839ns (543.774MHz) (Trper_CLKA)
  Physical resource: U3/U0/xst_blk_mem_generator/gnativebmg.native_blk_mem_gen/valid.cstr/ramloop[0].ram.r/v6_init.ram/NO_BMM_INFO.SP.SIMPLE_PRIM36.ram/CLKARDCLKU
  Logical resource: U3/U0/xst_blk_mem_generator/gnativebmg.native_blk_mem_gen/valid.cstr/ramloop[0].ram.r/v6_init.ram/NO_BMM_INFO.SP.SIMPLE_PRIM36.ram/CLKARDCLKU
  Location pin: RAMB36_X3Y10.CLKARDCLKU
  Clock network: clk_100mhz_BUFGP
--------------------------------------------------------------------------------
Slack: 8.161ns (period - min period limit)
  Period: 10.000ns
  Min period limit: 1.839ns (543.774MHz) (Trper_CLKB)
  Physical resource: U3/U0/xst_blk_mem_generator/gnativebmg.native_blk_mem_gen/valid.cstr/ramloop[0].ram.r/v6_init.ram/NO_BMM_INFO.SP.SIMPLE_PRIM36.ram/CLKBWRCLKL
  Logical resource: U3/U0/xst_blk_mem_generator/gnativebmg.native_blk_mem_gen/valid.cstr/ramloop[0].ram.r/v6_init.ram/NO_BMM_INFO.SP.SIMPLE_PRIM36.ram/CLKBWRCLKL
  Location pin: RAMB36_X3Y10.CLKBWRCLKL
  Clock network: clk_100mhz_BUFGP
--------------------------------------------------------------------------------


All constraints were met.


Data Sheet report:
-----------------
All values displayed in nanoseconds (ns)

Clock to Setup on destination clock clk_100mhz
---------------+---------+---------+---------+---------+
               | Src:Rise| Src:Fall| Src:Rise| Src:Fall|
Source Clock   |Dest:Rise|Dest:Rise|Dest:Fall|Dest:Fall|
---------------+---------+---------+---------+---------+
clk_100mhz     |    3.868|         |         |         |
---------------+---------+---------+---------+---------+


Timing summary:
---------------

Timing errors: 0  Score: 0  (Setup/Max: 0, Hold: 0)

Constraints cover 5103 paths, 0 nets, and 648 connections

Design statistics:
   Minimum period:   3.868ns{1}   (Maximum frequency: 258.532MHz)


------------------------------------Footnotes-----------------------------------
1)  The minimum period statistic assumes all single cycle delays.

Analysis completed Wed May 17 15:34:20 2017 
--------------------------------------------------------------------------------

Trace Settings:
-------------------------
Trace Settings 

Peak Memory Usage: 831 MB



