--------------------------------------------------------------------------------
Release 14.7 Trace  (nt64)
Copyright (c) 1995-2013 Xilinx, Inc.  All rights reserved.

d:\Xilinx\14.7\ISE_DS\ISE\bin\nt64\unwrapped\trce.exe -intstyle ise -v 3 -s 2L
-n 3 -fastpaths -xml SOCMF.twx SOCMF.ncd -o SOCMF.twr SOCMF.pcf -ucf
SOC-Sword.ucf

Design file:              SOCMF.ncd
Physical constraint file: SOCMF.pcf
Device,package,speed:     xc7k160t,ffg676,C,-2L (PRODUCTION 1.10 2013-10-13)
Report level:             verbose report

Environment Variable      Effect 
--------------------      ------ 
NONE                      No environment variables were set
--------------------------------------------------------------------------------

INFO:Timing:3412 - To improve timing, see the Timing Closure User Guide (UG612).
INFO:Timing:2752 - To get complete path coverage, use the unconstrained paths 
   option. All paths that are not constrained will be reported in the 
   unconstrained paths section(s) of the report.
INFO:Timing:3339 - The clock-to-out numbers in this timing report are based on 
   a 50 Ohm transmission line loading model.  For the details of this model, 
   and for more information on accounting for different loading conditions, 
   please see the device datasheet.

================================================================================
Timing constraint: TS_CLK_100M = PERIOD TIMEGRP "TM_CLK" 10 ns HIGH 50%;
For more information, see Period Analysis in the Timing Closure User Guide (UG612).

 5103 paths analyzed, 501 endpoints analyzed, 0 failing endpoints
 0 timing errors detected. (0 setup errors, 0 hold errors, 0 component switching limit errors)
 Minimum period is   4.138ns.
--------------------------------------------------------------------------------

Paths for end point U6/P7SEG/EN (SLICE_X31Y70.CE), 1 path
--------------------------------------------------------------------------------
Slack (setup path):     5.862ns (requirement - (data path - clock path skew + uncertainty))
  Source:               U9/rst (FF)
  Destination:          U6/P7SEG/EN (FF)
  Requirement:          10.000ns
  Data Path Delay:      3.764ns (Levels of Logic = 1)
  Clock Path Skew:      -0.339ns (0.991 - 1.330)
  Source Clock:         clk_100mhz_BUFGP rising at 0.000ns
  Destination Clock:    clk_100mhz_BUFGP rising at 10.000ns
  Clock Uncertainty:    0.035ns

  Clock Uncertainty:          0.035ns  ((TSJ^2 + TIJ^2)^1/2 + DJ) / 2 + PE
    Total System Jitter (TSJ):  0.070ns
    Total Input Jitter (TIJ):   0.000ns
    Discrete Jitter (DJ):       0.000ns
    Phase Error (PE):           0.000ns

  Maximum Data Path at Slow Process Corner: U9/rst to U6/P7SEG/EN
    Location             Delay type         Delay(ns)  Physical Resource
                                                       Logical Resource(s)
    -------------------------------------------------  -------------------
    SLICE_X99Y33.CQ      Tcko                  0.223   rst
                                                       U9/rst
    SLICE_X30Y70.C2      net (fanout=341)      2.986   rst
    SLICE_X30Y70.C       Tilo                  0.043   U6/P7SEG/S<1>
                                                       U6/P7SEG/rst_inv1_INV_0
    SLICE_X31Y70.CE      net (fanout=2)        0.311   U6/P7SEG/rst_inv
    SLICE_X31Y70.CLK     Tceck                 0.201   SEGEN_OBUF
                                                       U6/P7SEG/EN
    -------------------------------------------------  ---------------------------
    Total                                      3.764ns (0.467ns logic, 3.297ns route)
                                                       (12.4% logic, 87.6% route)

--------------------------------------------------------------------------------

Paths for end point U6/P7SEG/S_0 (SLICE_X30Y70.CE), 1 path
--------------------------------------------------------------------------------
Slack (setup path):     6.058ns (requirement - (data path - clock path skew + uncertainty))
  Source:               U9/rst (FF)
  Destination:          U6/P7SEG/S_0 (FF)
  Requirement:          10.000ns
  Data Path Delay:      3.568ns (Levels of Logic = 1)
  Clock Path Skew:      -0.339ns (0.991 - 1.330)
  Source Clock:         clk_100mhz_BUFGP rising at 0.000ns
  Destination Clock:    clk_100mhz_BUFGP rising at 10.000ns
  Clock Uncertainty:    0.035ns

  Clock Uncertainty:          0.035ns  ((TSJ^2 + TIJ^2)^1/2 + DJ) / 2 + PE
    Total System Jitter (TSJ):  0.070ns
    Total Input Jitter (TIJ):   0.000ns
    Discrete Jitter (DJ):       0.000ns
    Phase Error (PE):           0.000ns

  Maximum Data Path at Slow Process Corner: U9/rst to U6/P7SEG/S_0
    Location             Delay type         Delay(ns)  Physical Resource
                                                       Logical Resource(s)
    -------------------------------------------------  -------------------
    SLICE_X99Y33.CQ      Tcko                  0.223   rst
                                                       U9/rst
    SLICE_X30Y70.C2      net (fanout=341)      2.986   rst
    SLICE_X30Y70.C       Tilo                  0.043   U6/P7SEG/S<1>
                                                       U6/P7SEG/rst_inv1_INV_0
    SLICE_X30Y70.CE      net (fanout=2)        0.115   U6/P7SEG/rst_inv
    SLICE_X30Y70.CLK     Tceck                 0.201   U6/P7SEG/S<1>
                                                       U6/P7SEG/S_0
    -------------------------------------------------  ---------------------------
    Total                                      3.568ns (0.467ns logic, 3.101ns route)
                                                       (13.1% logic, 86.9% route)

--------------------------------------------------------------------------------

Paths for end point U6/P7SEG/S_1 (SLICE_X30Y70.CE), 1 path
--------------------------------------------------------------------------------
Slack (setup path):     6.058ns (requirement - (data path - clock path skew + uncertainty))
  Source:               U9/rst (FF)
  Destination:          U6/P7SEG/S_1 (FF)
  Requirement:          10.000ns
  Data Path Delay:      3.568ns (Levels of Logic = 1)
  Clock Path Skew:      -0.339ns (0.991 - 1.330)
  Source Clock:         clk_100mhz_BUFGP rising at 0.000ns
  Destination Clock:    clk_100mhz_BUFGP rising at 10.000ns
  Clock Uncertainty:    0.035ns

  Clock Uncertainty:          0.035ns  ((TSJ^2 + TIJ^2)^1/2 + DJ) / 2 + PE
    Total System Jitter (TSJ):  0.070ns
    Total Input Jitter (TIJ):   0.000ns
    Discrete Jitter (DJ):       0.000ns
    Phase Error (PE):           0.000ns

  Maximum Data Path at Slow Process Corner: U9/rst to U6/P7SEG/S_1
    Location             Delay type         Delay(ns)  Physical Resource
                                                       Logical Resource(s)
    -------------------------------------------------  -------------------
    SLICE_X99Y33.CQ      Tcko                  0.223   rst
                                                       U9/rst
    SLICE_X30Y70.C2      net (fanout=341)      2.986   rst
    SLICE_X30Y70.C       Tilo                  0.043   U6/P7SEG/S<1>
                                                       U6/P7SEG/rst_inv1_INV_0
    SLICE_X30Y70.CE      net (fanout=2)        0.115   U6/P7SEG/rst_inv
    SLICE_X30Y70.CLK     Tceck                 0.201   U6/P7SEG/S<1>
                                                       U6/P7SEG/S_1
    -------------------------------------------------  ---------------------------
    Total                                      3.568ns (0.467ns logic, 3.101ns route)
                                                       (13.1% logic, 86.9% route)

--------------------------------------------------------------------------------

Hold Paths: TS_CLK_100M = PERIOD TIMEGRP "TM_CLK" 10 ns HIGH 50%;
--------------------------------------------------------------------------------

Paths for end point U6/P7SEG/sh_clk (SLICE_X33Y78.A6), 1 path
--------------------------------------------------------------------------------
Slack (hold path):      0.149ns (requirement - (clock path skew + uncertainty - data path))
  Source:               U6/P7SEG/sh_clk_1 (FF)
  Destination:          U6/P7SEG/sh_clk (FF)
  Requirement:          0.000ns
  Data Path Delay:      0.149ns (Levels of Logic = 1)
  Clock Path Skew:      0.000ns
  Source Clock:         clk_100mhz_BUFGP rising at 10.000ns
  Destination Clock:    clk_100mhz_BUFGP rising at 10.000ns
  Clock Uncertainty:    0.000ns

  Minimum Data Path at Fast Process Corner: U6/P7SEG/sh_clk_1 to U6/P7SEG/sh_clk
    Location             Delay type         Delay(ns)  Physical Resource
                                                       Logical Resource(s)
    -------------------------------------------------  -------------------
    SLICE_X33Y78.AMUX    Tshcko                0.129   U6/P7SEG/sh_clk
                                                       U6/P7SEG/sh_clk_1
    SLICE_X33Y78.A6      net (fanout=1)        0.052   U6/P7SEG/sh_clk_1
    SLICE_X33Y78.CLK     Tah         (-Th)     0.032   U6/P7SEG/sh_clk
                                                       U6/P7SEG/state[1]_GND_13_o_Select_19_o1
                                                       U6/P7SEG/sh_clk
    -------------------------------------------------  ---------------------------
    Total                                      0.149ns (0.097ns logic, 0.052ns route)
                                                       (65.1% logic, 34.9% route)

--------------------------------------------------------------------------------

Paths for end point U6/P7SEG/state_FSM_FFd1 (SLICE_X30Y71.B6), 1 path
--------------------------------------------------------------------------------
Slack (hold path):      0.159ns (requirement - (clock path skew + uncertainty - data path))
  Source:               U6/P7SEG/Go_1 (FF)
  Destination:          U6/P7SEG/state_FSM_FFd1 (FF)
  Requirement:          0.000ns
  Data Path Delay:      0.189ns (Levels of Logic = 1)
  Clock Path Skew:      0.030ns (0.320 - 0.290)
  Source Clock:         clk_100mhz_BUFGP rising at 10.000ns
  Destination Clock:    clk_100mhz_BUFGP rising at 10.000ns
  Clock Uncertainty:    0.000ns

  Minimum Data Path at Fast Process Corner: U6/P7SEG/Go_1 to U6/P7SEG/state_FSM_FFd1
    Location             Delay type         Delay(ns)  Physical Resource
                                                       Logical Resource(s)
    -------------------------------------------------  -------------------
    SLICE_X32Y71.BQ      Tcko                  0.100   U6/P7SEG/Go<1>
                                                       U6/P7SEG/Go_1
    SLICE_X30Y71.B6      net (fanout=4)        0.121   U6/P7SEG/Go<1>
    SLICE_X30Y71.CLK     Tah         (-Th)     0.032   U6/P7SEG/state_FSM_FFd1
                                                       U6/P7SEG/state_FSM_FFd1-In1
                                                       U6/P7SEG/state_FSM_FFd1
    -------------------------------------------------  ---------------------------
    Total                                      0.189ns (0.068ns logic, 0.121ns route)
                                                       (36.0% logic, 64.0% route)

--------------------------------------------------------------------------------

Paths for end point U6/P7SEG/S_0 (SLICE_X30Y70.A6), 1 path
--------------------------------------------------------------------------------
Slack (hold path):      0.166ns (requirement - (clock path skew + uncertainty - data path))
  Source:               U6/P7SEG/Go_1 (FF)
  Destination:          U6/P7SEG/S_0 (FF)
  Requirement:          0.000ns
  Data Path Delay:      0.197ns (Levels of Logic = 1)
  Clock Path Skew:      0.031ns (0.321 - 0.290)
  Source Clock:         clk_100mhz_BUFGP rising at 10.000ns
  Destination Clock:    clk_100mhz_BUFGP rising at 10.000ns
  Clock Uncertainty:    0.000ns

  Minimum Data Path at Fast Process Corner: U6/P7SEG/Go_1 to U6/P7SEG/S_0
    Location             Delay type         Delay(ns)  Physical Resource
                                                       Logical Resource(s)
    -------------------------------------------------  -------------------
    SLICE_X32Y71.BQ      Tcko                  0.100   U6/P7SEG/Go<1>
                                                       U6/P7SEG/Go_1
    SLICE_X30Y70.A6      net (fanout=4)        0.129   U6/P7SEG/Go<1>
    SLICE_X30Y70.CLK     Tah         (-Th)     0.032   U6/P7SEG/S<1>
                                                       U6/P7SEG/state[1]_PWR_13_o_select_17_OUT<0>1
                                                       U6/P7SEG/S_0
    -------------------------------------------------  ---------------------------
    Total                                      0.197ns (0.068ns logic, 0.129ns route)
                                                       (34.5% logic, 65.5% route)

--------------------------------------------------------------------------------

Component Switching Limit Checks: TS_CLK_100M = PERIOD TIMEGRP "TM_CLK" 10 ns HIGH 50%;
--------------------------------------------------------------------------------
Slack: 8.161ns (period - min period limit)
  Period: 10.000ns
  Min period limit: 1.839ns (543.774MHz) (Trper_CLKA)
  Physical resource: U3/U0/xst_blk_mem_generator/gnativebmg.native_blk_mem_gen/valid.cstr/ramloop[0].ram.r/v6_init.ram/NO_BMM_INFO.SP.SIMPLE_PRIM36.ram/CLKARDCLKL
  Logical resource: U3/U0/xst_blk_mem_generator/gnativebmg.native_blk_mem_gen/valid.cstr/ramloop[0].ram.r/v6_init.ram/NO_BMM_INFO.SP.SIMPLE_PRIM36.ram/CLKARDCLKL
  Location pin: RAMB36_X2Y9.CLKARDCLKL
  Clock network: clk_100mhz_BUFGP
--------------------------------------------------------------------------------
Slack: 8.161ns (period - min period limit)
  Period: 10.000ns
  Min period limit: 1.839ns (543.774MHz) (Trper_CLKA)
  Physical resource: U3/U0/xst_blk_mem_generator/gnativebmg.native_blk_mem_gen/valid.cstr/ramloop[0].ram.r/v6_init.ram/NO_BMM_INFO.SP.SIMPLE_PRIM36.ram/CLKARDCLKU
  Logical resource: U3/U0/xst_blk_mem_generator/gnativebmg.native_blk_mem_gen/valid.cstr/ramloop[0].ram.r/v6_init.ram/NO_BMM_INFO.SP.SIMPLE_PRIM36.ram/CLKARDCLKU
  Location pin: RAMB36_X2Y9.CLKARDCLKU
  Clock network: clk_100mhz_BUFGP
--------------------------------------------------------------------------------
Slack: 8.161ns (period - min period limit)
  Period: 10.000ns
  Min period limit: 1.839ns (543.774MHz) (Trper_CLKB)
  Physical resource: U3/U0/xst_blk_mem_generator/gnativebmg.native_blk_mem_gen/valid.cstr/ramloop[0].ram.r/v6_init.ram/NO_BMM_INFO.SP.SIMPLE_PRIM36.ram/CLKBWRCLKL
  Logical resource: U3/U0/xst_blk_mem_generator/gnativebmg.native_blk_mem_gen/valid.cstr/ramloop[0].ram.r/v6_init.ram/NO_BMM_INFO.SP.SIMPLE_PRIM36.ram/CLKBWRCLKL
  Location pin: RAMB36_X2Y9.CLKBWRCLKL
  Clock network: clk_100mhz_BUFGP
--------------------------------------------------------------------------------


All constraints were met.


Data Sheet report:
-----------------
All values displayed in nanoseconds (ns)

Clock to Setup on destination clock clk_100mhz
---------------+---------+---------+---------+---------+
               | Src:Rise| Src:Fall| Src:Rise| Src:Fall|
Source Clock   |Dest:Rise|Dest:Rise|Dest:Fall|Dest:Fall|
---------------+---------+---------+---------+---------+
clk_100mhz     |    4.138|         |         |         |
---------------+---------+---------+---------+---------+


Timing summary:
---------------

Timing errors: 0  Score: 0  (Setup/Max: 0, Hold: 0)

Constraints cover 5103 paths, 0 nets, and 649 connections

Design statistics:
   Minimum period:   4.138ns{1}   (Maximum frequency: 241.663MHz)


------------------------------------Footnotes-----------------------------------
1)  The minimum period statistic assumes all single cycle delays.

Analysis completed Wed May 17 13:28:01 2017 
--------------------------------------------------------------------------------

Trace Settings:
-------------------------
Trace Settings 

Peak Memory Usage: 826 MB



