Release 14.7 - xst P.20131013 (nt64)
Copyright (c) 1995-2013 Xilinx, Inc.  All rights reserved.
--> Parameter TMPDIR set to xst/projnav.tmp


Total REAL time to Xst completion: 0.00 secs
Total CPU time to Xst completion: 0.35 secs
 
--> Parameter xsthdpdir set to xst


Total REAL time to Xst completion: 0.00 secs
Total CPU time to Xst completion: 0.35 secs
 
--> Reading design: SOCMF.prj

TABLE OF CONTENTS
  1) Synthesis Options Summary
  2) HDL Parsing
  3) HDL Elaboration
  4) HDL Synthesis
       4.1) HDL Synthesis Report
  5) Advanced HDL Synthesis
       5.1) Advanced HDL Synthesis Report
  6) Low Level Synthesis
  7) Partition Report
  8) Design Summary
       8.1) Primitive and Black Box Usage
       8.2) Device utilization summary
       8.3) Partition Resource Summary
       8.4) Timing Report
            8.4.1) Clock Information
            8.4.2) Asynchronous Control Signals Information
            8.4.3) Timing Summary
            8.4.4) Timing Details
            8.4.5) Cross Clock Domains Report


=========================================================================
*                      Synthesis Options Summary                        *
=========================================================================
---- Source Parameters
Input File Name                    : "SOCMF.prj"
Ignore Synthesis Constraint File   : NO

---- Target Parameters
Output File Name                   : "SOCMF"
Output Format                      : NGC
Target Device                      : xc7k160t-2L-ffg676

---- Source Options
Top Module Name                    : SOCMF
Automatic FSM Extraction           : YES
FSM Encoding Algorithm             : Auto
Safe Implementation                : No
FSM Style                          : LUT
RAM Extraction                     : Yes
RAM Style                          : Auto
ROM Extraction                     : Yes
Shift Register Extraction          : YES
ROM Style                          : Auto
Resource Sharing                   : YES
Asynchronous To Synchronous        : NO
Shift Register Minimum Size        : 2
Use DSP Block                      : Auto
Automatic Register Balancing       : No

---- Target Options
LUT Combining                      : Auto
Reduce Control Sets                : Auto
Add IO Buffers                     : YES
Global Maximum Fanout              : 100000
Add Generic Clock Buffer(BUFG)     : 16
Register Duplication               : YES
Optimize Instantiated Primitives   : NO
Use Clock Enable                   : Auto
Use Synchronous Set                : Auto
Use Synchronous Reset              : Auto
Pack IO Registers into IOBs        : Auto
Equivalent register Removal        : YES

---- General Options
Optimization Goal                  : Speed
Optimization Effort                : 1
Power Reduction                    : NO
Keep Hierarchy                     : No
Netlist Hierarchy                  : As_Optimized
RTL Output                         : Yes
Global Optimization                : AllClockNets
Read Cores                         : YES
Write Timing Constraints           : NO
Cross Clock Analysis               : NO
Hierarchy Separator                : /
Bus Delimiter                      : <>
Case Specifier                     : Maintain
Slice Utilization Ratio            : 100
BRAM Utilization Ratio             : 100
DSP48 Utilization Ratio            : 100
Auto BRAM Packing                  : NO
Slice Utilization Ratio Delta      : 5

---- Other Options
Cores Search Directories           : {"ipcore_dir"  }

=========================================================================


=========================================================================
*                          HDL Parsing                                  *
=========================================================================
Analyzing Verilog file "E:\ex12\OExp12-MSOC\xor32.v" into library work
Parsing module <xor32>.
Analyzing Verilog file "E:\ex12\OExp12-MSOC\srl32.v" into library work
Parsing module <srl32>.
Analyzing Verilog file "E:\ex12\OExp12-MSOC\SignalExt_32.v" into library work
Parsing module <SignalExt_32>.
Analyzing Verilog file "E:\ex12\OExp12-MSOC\or_bit_32.v" into library work
Parsing module <or_bit_32>.
Analyzing Verilog file "E:\ex12\OExp12-MSOC\or32.v" into library work
Parsing module <or32>.
Analyzing Verilog file "E:\ex12\OExp12-MSOC\nor32.v" into library work
Parsing module <nor32>.
Analyzing Verilog file "E:\ex12\OExp12-MSOC\MUX8T1_32.v" into library work
Parsing module <MUX8T1_32>.
Analyzing Verilog file "E:\ex12\OExp12-MSOC\and32.v" into library work
Parsing module <and32>.
Analyzing Verilog file "E:\ex12\OExp12-MSOC\ADC32.v" into library work
Parsing module <ADC32>.
Analyzing Verilog file "E:\ex12\OExp12-MSOC\regs.v" into library work
Parsing module <Regs>.
Analyzing Verilog file "E:\ex12\OExp12-MSOC\REG32.v" into library work
Parsing module <REG32>.
Analyzing Verilog file "E:\ex12\OExp12-MSOC\MUX4T1_5.v" into library work
Parsing module <MUX4T1_5>.
Analyzing Verilog file "E:\ex12\OExp12-MSOC\MUX4T1_32.v" into library work
Parsing module <MUX4T1_32>.
Analyzing Verilog file "E:\ex12\OExp12-MSOC\MUX2T1_32.v" into library work
Parsing module <MUX2T1_32>.
Analyzing Verilog file "E:\ex12\OExp12-MSOC\Ext_32.v" into library work
Parsing module <Ext_32>.
Analyzing Verilog file "E:\ex12\OExp12-MSOC\alu.vf" into library work
Parsing module <alu>.
Analyzing Verilog file "E:\ex12\OExp12-MSOC\M_Datapath.v" into library work
Parsing module <M_Datapath>.
Analyzing Verilog file "E:\ex12\OExp12-MSOC\M_Ctrl.v" into library work
Parsing module <M_Ctrl>.
Analyzing Verilog file "E:\ex12\OExp12-MSOC\SEnter_2_32_IO.v" into library work
Parsing module <SEnter_2_32>.
Analyzing Verilog file "E:\ex12\OExp12-MSOC\Seg7_Dev_IO.v" into library work
Parsing module <Seg7_Dev>.
Analyzing Verilog file "E:\ex12\OExp12-MSOC\SAnti_jitter_IO.v" into library work
Parsing module <SAnti_jitter>.
Analyzing Verilog file "E:\ex12\OExp12-MSOC\PIO_IO.v" into library work
Parsing module <PIO>.
Analyzing Verilog file "E:\ex12\OExp12-MSOC\Multi_8CH32_IO.v" into library work
Parsing module <Multi_8CH32>.
Analyzing Verilog file "E:\ex12\OExp12-MSOC\MIO_BUS_IO.v" into library work
Parsing module <MIO_BUS>.
Analyzing Verilog file "E:\ex12\OExp12-MSOC\MCPU.v" into library work
Parsing module <MCPU>.
Analyzing Verilog file "E:\ex12\OExp12-MSOC\ipcore_dir\RAM_B.v" into library work
Parsing module <RAM_B>.
Analyzing Verilog file "E:\ex12\OExp12-MSOC\GPIO_IO.v" into library work
Parsing module <GPIO>.
Analyzing Verilog file "E:\ex12\OExp12-MSOC\Display_IO.v" into library work
Parsing module <Display>.
Analyzing Verilog file "E:\ex12\OExp12-MSOC\Counter_3_IO.v" into library work
Parsing module <Counter>.
Analyzing Verilog file "E:\ex12\OExp12-MSOC\clk_div.v" into library work
Parsing module <clk_div>.
Analyzing Verilog file "E:\ex12\OExp12-MSOC\SOCMF.v" into library work
Parsing module <SOCMF>.

=========================================================================
*                            HDL Elaboration                            *
=========================================================================

Elaborating module <SOCMF>.

Elaborating module <SEnter_2_32>.
WARNING:HDLCompiler:1499 - "E:\ex12\OExp12-MSOC\SEnter_2_32_IO.v" Line 21: Empty module <SEnter_2_32> remains a black box.
WARNING:HDLCompiler:1127 - "E:\ex12\OExp12-MSOC\SOCMF.v" Line 91: Assignment to Ai ignored, since the identifier is never used
WARNING:HDLCompiler:1127 - "E:\ex12\OExp12-MSOC\SOCMF.v" Line 92: Assignment to Bi ignored, since the identifier is never used
WARNING:HDLCompiler:1127 - "E:\ex12\OExp12-MSOC\SOCMF.v" Line 93: Assignment to blink ignored, since the identifier is never used

Elaborating module <MCPU>.

Elaborating module <M_Ctrl>.
WARNING:HDLCompiler:1016 - "E:\ex12\OExp12-MSOC\M_Datapath.v" Line 108: Port Co is not connected to this instance

Elaborating module <M_Datapath>.
WARNING:HDLCompiler:604 - "E:\ex12\OExp12-MSOC\M_Datapath.v" Line 68: Module instantiation should have an instance name

Elaborating module <GND>.
WARNING:HDLCompiler:604 - "E:\ex12\OExp12-MSOC\M_Datapath.v" Line 69: Module instantiation should have an instance name

Elaborating module <VCC>.

Elaborating module <MUX4T1_32>.

Elaborating module <REG32>.

Elaborating module <Regs>.

Elaborating module <MUX4T1_5>.

Elaborating module <alu>.

Elaborating module <and32>.

Elaborating module <or32>.

Elaborating module <xor32>.

Elaborating module <nor32>.

Elaborating module <srl32>.

Elaborating module <or_bit_32>.

Elaborating module <MUX8T1_32>.

Elaborating module <ADC32>.

Elaborating module <SignalExt_32>.

Elaborating module <MUX2T1_32>.

Elaborating module <Ext_32>.

Elaborating module <RAM_B>.
WARNING:HDLCompiler:1499 - "E:\ex12\OExp12-MSOC\ipcore_dir\RAM_B.v" Line 39: Empty module <RAM_B> remains a black box.

Elaborating module <MIO_BUS>.
WARNING:HDLCompiler:1499 - "E:\ex12\OExp12-MSOC\MIO_BUS_IO.v" Line 21: Empty module <MIO_BUS> remains a black box.

Elaborating module <Multi_8CH32>.
WARNING:HDLCompiler:1499 - "E:\ex12\OExp12-MSOC\Multi_8CH32_IO.v" Line 21: Empty module <Multi_8CH32> remains a black box.

Elaborating module <Display>.
WARNING:HDLCompiler:1499 - "E:\ex12\OExp12-MSOC\Display_IO.v" Line 21: Empty module <Display> remains a black box.

Elaborating module <GPIO>.
WARNING:HDLCompiler:1499 - "E:\ex12\OExp12-MSOC\GPIO_IO.v" Line 21: Empty module <GPIO> remains a black box.

Elaborating module <clk_div>.

Elaborating module <SAnti_jitter>.
WARNING:HDLCompiler:1499 - "E:\ex12\OExp12-MSOC\SAnti_jitter_IO.v" Line 21: Empty module <SAnti_jitter> remains a black box.
WARNING:HDLCompiler:1127 - "E:\ex12\OExp12-MSOC\SOCMF.v" Line 192: Assignment to Pulse ignored, since the identifier is never used

Elaborating module <Counter>.
WARNING:HDLCompiler:1127 - "E:\ex12\OExp12-MSOC\Counter_3_IO.v" Line 43: Assignment to M2 ignored, since the identifier is never used
WARNING:HDLCompiler:634 - "E:\ex12\OExp12-MSOC\Counter_3_IO.v" Line 36: Net <counter1[32]> does not have a driver.

Elaborating module <Seg7_Dev>.
WARNING:HDLCompiler:1499 - "E:\ex12\OExp12-MSOC\Seg7_Dev_IO.v" Line 21: Empty module <Seg7_Dev> remains a black box.

Elaborating module <PIO>.
WARNING:HDLCompiler:1499 - "E:\ex12\OExp12-MSOC\PIO_IO.v" Line 21: Empty module <PIO> remains a black box.

Elaborating module <INV>.

Elaborating module <BUF>.

=========================================================================
*                           HDL Synthesis                               *
=========================================================================

Synthesizing Unit <SOCMF>.
    Related source file is "E:\ex12\OExp12-MSOC\SOCMF.v".
INFO:Xst:3210 - "E:\ex12\OExp12-MSOC\SOCMF.v" line 86: Output port <Ai> of the instance <M4> is unconnected or connected to loadless signal.
INFO:Xst:3210 - "E:\ex12\OExp12-MSOC\SOCMF.v" line 86: Output port <Bi> of the instance <M4> is unconnected or connected to loadless signal.
INFO:Xst:3210 - "E:\ex12\OExp12-MSOC\SOCMF.v" line 86: Output port <blink> of the instance <M4> is unconnected or connected to loadless signal.
INFO:Xst:3210 - "E:\ex12\OExp12-MSOC\SOCMF.v" line 95: Output port <CPU_MIO> of the instance <U1> is unconnected or connected to loadless signal.
INFO:Xst:3210 - "E:\ex12\OExp12-MSOC\SOCMF.v" line 165: Output port <GPIOf0> of the instance <U7> is unconnected or connected to loadless signal.
INFO:Xst:3210 - "E:\ex12\OExp12-MSOC\SOCMF.v" line 182: Output port <pulse_out> of the instance <U9> is unconnected or connected to loadless signal.
INFO:Xst:3210 - "E:\ex12\OExp12-MSOC\SOCMF.v" line 215: Output port <counter_set> of the instance <U71> is unconnected or connected to loadless signal.
INFO:Xst:3210 - "E:\ex12\OExp12-MSOC\SOCMF.v" line 215: Output port <GPIOf0> of the instance <U71> is unconnected or connected to loadless signal.
    Summary:
	no macro.
Unit <SOCMF> synthesized.

Synthesizing Unit <MCPU>.
    Related source file is "E:\ex12\OExp12-MSOC\MCPU.v".
WARNING:Xst:647 - Input <INT> is never used. This port will be preserved and left unconnected if it belongs to a top-level block or it belongs to a sub-block and the hierarchy of this sub-block is preserved.
    Summary:
	no macro.
Unit <MCPU> synthesized.

Synthesizing Unit <M_Ctrl>.
    Related source file is "E:\ex12\OExp12-MSOC\M_Ctrl.v".
        IF = 5'b00000
        ID = 5'b00001
        Mem_Ex = 5'b00010
        Mem_RD = 5'b00011
        LW_WB = 5'b00100
        Mem_W = 5'b00101
        R_Exc = 5'b00110
        I_Exc = 5'b01010
        I_WB = 5'b01011
        Lui_WB = 5'b01100
        R_WB = 5'b00111
        Beq_Exc = 5'b01000
        Bne_Exc = 4'b1101
        J = 5'b01001
        Jr = 5'b01110
        Jal = 5'b01111
        Error = 5'b11111
        AND = 3'b000
        OR = 3'b001
        ADD = 3'b010
        SUB = 3'b110
        NOR = 3'b100
        SLT = 3'b111
        XOR = 3'b011
        SRL = 3'b101
        value0 = 21'b100101000000100000100
        value1 = 21'b000000000001100000100
        value2 = 21'b000000000011000000100
        value3 = 21'b001100000000000000101
        value4 = 21'b000000010000010000100
        value5 = 21'b001010000000000000101
        value6_and = 21'b000000000010000000000
        value6_or = 21'b000000000010000000010
        value6_add = 21'b000000000010000000100
        value6_sub = 21'b000000000010000001100
        value6_nor = 21'b000000000010000001000
        value6_slt = 21'b000000000010000001110
        value6_xor = 21'b000000000010000000110
        value6_srl = 21'b000000000010000001010
        value6_andi = 21'b000000000011000000000
        value6_ori = 21'b000000000011000000010
        value6_addi = 21'b000000000011000000100
        value6_slti = 21'b000000000011000001110
        value6_xori = 21'b000000000011000000110
        value6_lui = 21'b000000100001110000100
        value7 = 21'b000000000000010100100
        value7_i = 21'b000000000000010000100
        value8 = 21'b010000000110000011100
        value8_n = 21'b010000000110000001100
        value9 = 21'b100000001000000000100
        value9_jr = 21'b100000001000000000100
        value9_jal = 21'b100000111001111000100
WARNING:Xst:647 - Input <Inst_in<25:6>> is never used. This port will be preserved and left unconnected if it belongs to a top-level block or it belongs to a sub-block and the hierarchy of this sub-block is preserved.
WARNING:Xst:647 - Input <zero> is never used. This port will be preserved and left unconnected if it belongs to a top-level block or it belongs to a sub-block and the hierarchy of this sub-block is preserved.
WARNING:Xst:647 - Input <overflow> is never used. This port will be preserved and left unconnected if it belongs to a top-level block or it belongs to a sub-block and the hierarchy of this sub-block is preserved.
    Found 5-bit register for signal <state>.
    Found finite state machine <FSM_0> for signal <state>.
    -----------------------------------------------------------------------
    | States             | 17                                             |
    | Transitions        | 47                                             |
    | Inputs             | 21                                             |
    | Outputs            | 33                                             |
    | Clock              | clk (rising_edge)                              |
    | Reset              | reset (positive)                               |
    | Reset type         | asynchronous                                   |
    | Reset State        | 00000                                          |
    | Encoding           | auto                                           |
    | Implementation     | LUT                                            |
    -----------------------------------------------------------------------
    Summary:
	inferred  13 Multiplexer(s).
	inferred   1 Finite State Machine(s).
Unit <M_Ctrl> synthesized.

Synthesizing Unit <M_Datapath>.
    Related source file is "E:\ex12\OExp12-MSOC\M_Datapath.v".
INFO:Xst:3210 - "E:\ex12\OExp12-MSOC\M_Datapath.v" line 108: Output port <Co> of the instance <x_ALU> is unconnected or connected to loadless signal.
    Summary:
Unit <M_Datapath> synthesized.

Synthesizing Unit <MUX4T1_32>.
    Related source file is "E:\ex12\OExp12-MSOC\MUX4T1_32.v".
    Found 32-bit 4-to-1 multiplexer for signal <o> created at line 30.
    Summary:
	inferred   1 Multiplexer(s).
Unit <MUX4T1_32> synthesized.

Synthesizing Unit <REG32>.
    Related source file is "E:\ex12\OExp12-MSOC\REG32.v".
    Found 32-bit register for signal <Q>.
    Summary:
	inferred  32 D-type flip-flop(s).
Unit <REG32> synthesized.

Synthesizing Unit <Regs>.
    Related source file is "E:\ex12\OExp12-MSOC\regs.v".
    Found 992-bit register for signal <n0051[991:0]>.
    Found 32-bit 31-to-1 multiplexer for signal <R_addr_A[4]_register[31][31]_wide_mux_1_OUT> created at line 32.
    Found 32-bit 31-to-1 multiplexer for signal <R_addr_B[4]_register[31][31]_wide_mux_4_OUT> created at line 33.
    Summary:
	inferred 992 D-type flip-flop(s).
	inferred  35 Multiplexer(s).
Unit <Regs> synthesized.

Synthesizing Unit <MUX4T1_5>.
    Related source file is "E:\ex12\OExp12-MSOC\MUX4T1_5.v".
    Found 5-bit 4-to-1 multiplexer for signal <o> created at line 30.
    Summary:
	inferred   1 Multiplexer(s).
Unit <MUX4T1_5> synthesized.

Synthesizing Unit <alu>.
    Related source file is "E:\ex12\OExp12-MSOC\alu.vf".
WARNING:Xst:653 - Signal <overflow> is used but never assigned. This sourceless signal will be automatically connected to value GND.
    Summary:
	no macro.
Unit <alu> synthesized.

Synthesizing Unit <and32>.
    Related source file is "E:\ex12\OExp12-MSOC\and32.v".
    Summary:
	no macro.
Unit <and32> synthesized.

Synthesizing Unit <or32>.
    Related source file is "E:\ex12\OExp12-MSOC\or32.v".
    Summary:
	no macro.
Unit <or32> synthesized.

Synthesizing Unit <xor32>.
    Related source file is "E:\ex12\OExp12-MSOC\xor32.v".
    Summary:
Unit <xor32> synthesized.

Synthesizing Unit <nor32>.
    Related source file is "E:\ex12\OExp12-MSOC\nor32.v".
    Summary:
	no macro.
Unit <nor32> synthesized.

Synthesizing Unit <srl32>.
    Related source file is "E:\ex12\OExp12-MSOC\srl32.v".
WARNING:Xst:647 - Input <B<5:0>> is never used. This port will be preserved and left unconnected if it belongs to a top-level block or it belongs to a sub-block and the hierarchy of this sub-block is preserved.
WARNING:Xst:647 - Input <B<31:11>> is never used. This port will be preserved and left unconnected if it belongs to a top-level block or it belongs to a sub-block and the hierarchy of this sub-block is preserved.
    Found 32-bit shifter logical right for signal <res> created at line 23
    Summary:
	inferred   1 Combinational logic shifter(s).
Unit <srl32> synthesized.

Synthesizing Unit <or_bit_32>.
    Related source file is "E:\ex12\OExp12-MSOC\or_bit_32.v".
    Summary:
	no macro.
Unit <or_bit_32> synthesized.

Synthesizing Unit <MUX8T1_32>.
    Related source file is "E:\ex12\OExp12-MSOC\MUX8T1_32.v".
    Found 32-bit 8-to-1 multiplexer for signal <o> created at line 34.
    Summary:
	inferred   1 Multiplexer(s).
Unit <MUX8T1_32> synthesized.

Synthesizing Unit <ADC32>.
    Related source file is "E:\ex12\OExp12-MSOC\ADC32.v".
    Found 33-bit adder for signal <n0019> created at line 30.
    Found 33-bit adder for signal <c> created at line 30.
    Summary:
	inferred   2 Adder/Subtractor(s).
Unit <ADC32> synthesized.

Synthesizing Unit <SignalExt_32>.
    Related source file is "E:\ex12\OExp12-MSOC\SignalExt_32.v".
    Summary:
	no macro.
Unit <SignalExt_32> synthesized.

Synthesizing Unit <MUX2T1_32>.
    Related source file is "E:\ex12\OExp12-MSOC\MUX2T1_32.v".
    Summary:
	inferred   1 Multiplexer(s).
Unit <MUX2T1_32> synthesized.

Synthesizing Unit <Ext_32>.
    Related source file is "E:\ex12\OExp12-MSOC\Ext_32.v".
    Summary:
	no macro.
Unit <Ext_32> synthesized.

Synthesizing Unit <clk_div>.
    Related source file is "E:\ex12\OExp12-MSOC\clk_div.v".
    Found 32-bit register for signal <clkdiv>.
    Found 32-bit adder for signal <clkdiv[31]_GND_29_o_add_0_OUT> created at line 33.
    Summary:
	inferred   1 Adder/Subtractor(s).
	inferred  32 D-type flip-flop(s).
	inferred   1 Multiplexer(s).
Unit <clk_div> synthesized.

Synthesizing Unit <Counter>.
    Related source file is "E:\ex12\OExp12-MSOC\Counter_3_IO.v".
WARNING:Xst:647 - Input <clk1> is never used. This port will be preserved and left unconnected if it belongs to a top-level block or it belongs to a sub-block and the hierarchy of this sub-block is preserved.
WARNING:Xst:647 - Input <clk2> is never used. This port will be preserved and left unconnected if it belongs to a top-level block or it belongs to a sub-block and the hierarchy of this sub-block is preserved.
WARNING:Xst:653 - Signal <counter1<32>> is used but never assigned. This sourceless signal will be automatically connected to value GND.
WARNING:Xst:653 - Signal <counter2<32>> is used but never assigned. This sourceless signal will be automatically connected to value GND.
    Found 24-bit register for signal <counter_Ctrl>.
    Found 33-bit register for signal <counter0>.
    Found 32-bit register for signal <counter0_Lock>.
    Found 1-bit register for signal <sq0>.
    Found 1-bit register for signal <M0>.
    Found 1-bit register for signal <clr0>.
    Found 33-bit subtractor for signal <counter0[32]_GND_31_o_sub_26_OUT> created at line 77.
    Found 33-bit 4-to-1 multiplexer for signal <counter_Ctrl[2]_counter0[32]_wide_mux_26_OUT> created at line 70.
    Found 1-bit comparator not equal for signal <n0017> created at line 76
    Summary:
	inferred   1 Adder/Subtractor(s).
	inferred  92 D-type flip-flop(s).
	inferred   1 Comparator(s).
	inferred   5 Multiplexer(s).
Unit <Counter> synthesized.

=========================================================================
HDL Synthesis Report

Macro Statistics
# Adders/Subtractors                                   : 4
 32-bit adder                                          : 1
 33-bit adder                                          : 2
 33-bit subtractor                                     : 1
# Registers                                            : 12
 1-bit register                                        : 3
 24-bit register                                       : 1
 32-bit register                                       : 6
 33-bit register                                       : 1
 992-bit register                                      : 1
# Comparators                                          : 1
 1-bit comparator not equal                            : 1
# Multiplexers                                         : 61
 1-bit 2-to-1 multiplexer                              : 1
 2-bit 2-to-1 multiplexer                              : 4
 3-bit 2-to-1 multiplexer                              : 9
 32-bit 2-to-1 multiplexer                             : 35
 32-bit 31-to-1 multiplexer                            : 2
 32-bit 4-to-1 multiplexer                             : 3
 32-bit 8-to-1 multiplexer                             : 1
 33-bit 2-to-1 multiplexer                             : 4
 33-bit 4-to-1 multiplexer                             : 1
 5-bit 4-to-1 multiplexer                              : 1
# Logic shifters                                       : 1
 32-bit shifter logical right                          : 1
# FSMs                                                 : 1
# Xors                                                 : 3
 1-bit xor2                                            : 1
 32-bit xor2                                           : 2

=========================================================================

=========================================================================
*                       Advanced HDL Synthesis                          *
=========================================================================

Reading core <SAnti_jitter.ngc>.
Reading core <SEnter_2_32.ngc>.
Reading core <ipcore_dir/RAM_B.ngc>.
Reading core <MIO_BUS.ngc>.
Reading core <Display.ngc>.
Reading core <Multi_8CH32.ngc>.
Reading core <GPIO.ngc>.
Reading core <PIO.ngc>.
Reading core <Seg7_Dev.ngc>.
Loading core <SAnti_jitter> for timing and area information for instance <U9>.
Loading core <SEnter_2_32> for timing and area information for instance <M4>.
Loading core <RAM_B> for timing and area information for instance <U3>.
Loading core <MIO_BUS> for timing and area information for instance <U4>.
Loading core <Display> for timing and area information for instance <U6>.
Loading core <Multi_8CH32> for timing and area information for instance <U5>.
Loading core <GPIO> for timing and area information for instance <U7>.
Loading core <PIO> for timing and area information for instance <U71>.
Loading core <Seg7_Dev> for timing and area information for instance <U61>.
WARNING:Xst:2677 - Node <counter_Ctrl_0> of sequential type is unconnected in block <U10>.
WARNING:Xst:2677 - Node <counter_Ctrl_3> of sequential type is unconnected in block <U10>.
WARNING:Xst:2677 - Node <counter_Ctrl_4> of sequential type is unconnected in block <U10>.
WARNING:Xst:2677 - Node <counter_Ctrl_5> of sequential type is unconnected in block <U10>.
WARNING:Xst:2677 - Node <counter_Ctrl_6> of sequential type is unconnected in block <U10>.
WARNING:Xst:2677 - Node <counter_Ctrl_7> of sequential type is unconnected in block <U10>.
WARNING:Xst:2677 - Node <counter_Ctrl_8> of sequential type is unconnected in block <U10>.
WARNING:Xst:2677 - Node <counter_Ctrl_9> of sequential type is unconnected in block <U10>.
WARNING:Xst:2677 - Node <counter_Ctrl_10> of sequential type is unconnected in block <U10>.
WARNING:Xst:2677 - Node <counter_Ctrl_11> of sequential type is unconnected in block <U10>.
WARNING:Xst:2677 - Node <counter_Ctrl_12> of sequential type is unconnected in block <U10>.
WARNING:Xst:2677 - Node <counter_Ctrl_13> of sequential type is unconnected in block <U10>.
WARNING:Xst:2677 - Node <counter_Ctrl_14> of sequential type is unconnected in block <U10>.
WARNING:Xst:2677 - Node <counter_Ctrl_15> of sequential type is unconnected in block <U10>.
WARNING:Xst:2677 - Node <counter_Ctrl_16> of sequential type is unconnected in block <U10>.
WARNING:Xst:2677 - Node <counter_Ctrl_17> of sequential type is unconnected in block <U10>.
WARNING:Xst:2677 - Node <counter_Ctrl_18> of sequential type is unconnected in block <U10>.
WARNING:Xst:2677 - Node <counter_Ctrl_19> of sequential type is unconnected in block <U10>.
WARNING:Xst:2677 - Node <counter_Ctrl_20> of sequential type is unconnected in block <U10>.
WARNING:Xst:2677 - Node <counter_Ctrl_21> of sequential type is unconnected in block <U10>.
WARNING:Xst:2677 - Node <counter_Ctrl_22> of sequential type is unconnected in block <U10>.
WARNING:Xst:2677 - Node <counter_Ctrl_23> of sequential type is unconnected in block <U10>.

Synthesizing (advanced) Unit <clk_div>.
The following registers are absorbed into counter <clkdiv>: 1 register on signal <clkdiv>.
Unit <clk_div> synthesized (advanced).
WARNING:Xst:2677 - Node <counter_Ctrl_0> of sequential type is unconnected in block <Counter>.
WARNING:Xst:2677 - Node <counter_Ctrl_3> of sequential type is unconnected in block <Counter>.
WARNING:Xst:2677 - Node <counter_Ctrl_4> of sequential type is unconnected in block <Counter>.
WARNING:Xst:2677 - Node <counter_Ctrl_5> of sequential type is unconnected in block <Counter>.
WARNING:Xst:2677 - Node <counter_Ctrl_6> of sequential type is unconnected in block <Counter>.
WARNING:Xst:2677 - Node <counter_Ctrl_7> of sequential type is unconnected in block <Counter>.
WARNING:Xst:2677 - Node <counter_Ctrl_8> of sequential type is unconnected in block <Counter>.
WARNING:Xst:2677 - Node <counter_Ctrl_9> of sequential type is unconnected in block <Counter>.
WARNING:Xst:2677 - Node <counter_Ctrl_10> of sequential type is unconnected in block <Counter>.
WARNING:Xst:2677 - Node <counter_Ctrl_11> of sequential type is unconnected in block <Counter>.
WARNING:Xst:2677 - Node <counter_Ctrl_12> of sequential type is unconnected in block <Counter>.
WARNING:Xst:2677 - Node <counter_Ctrl_13> of sequential type is unconnected in block <Counter>.
WARNING:Xst:2677 - Node <counter_Ctrl_14> of sequential type is unconnected in block <Counter>.
WARNING:Xst:2677 - Node <counter_Ctrl_15> of sequential type is unconnected in block <Counter>.
WARNING:Xst:2677 - Node <counter_Ctrl_16> of sequential type is unconnected in block <Counter>.
WARNING:Xst:2677 - Node <counter_Ctrl_17> of sequential type is unconnected in block <Counter>.
WARNING:Xst:2677 - Node <counter_Ctrl_18> of sequential type is unconnected in block <Counter>.
WARNING:Xst:2677 - Node <counter_Ctrl_19> of sequential type is unconnected in block <Counter>.
WARNING:Xst:2677 - Node <counter_Ctrl_20> of sequential type is unconnected in block <Counter>.
WARNING:Xst:2677 - Node <counter_Ctrl_21> of sequential type is unconnected in block <Counter>.
WARNING:Xst:2677 - Node <counter_Ctrl_22> of sequential type is unconnected in block <Counter>.
WARNING:Xst:2677 - Node <counter_Ctrl_23> of sequential type is unconnected in block <Counter>.

=========================================================================
Advanced HDL Synthesis Report

Macro Statistics
# Adders/Subtractors                                   : 2
 33-bit adder carry in                                 : 1
 33-bit subtractor                                     : 1
# Counters                                             : 1
 32-bit up counter                                     : 1
# Registers                                            : 1190
 Flip-Flops                                            : 1190
# Comparators                                          : 1
 1-bit comparator not equal                            : 1
# Multiplexers                                         : 124
 1-bit 2-to-1 multiplexer                              : 66
 2-bit 2-to-1 multiplexer                              : 4
 3-bit 2-to-1 multiplexer                              : 9
 32-bit 2-to-1 multiplexer                             : 35
 32-bit 31-to-1 multiplexer                            : 2
 32-bit 4-to-1 multiplexer                             : 3
 32-bit 8-to-1 multiplexer                             : 1
 33-bit 2-to-1 multiplexer                             : 2
 33-bit 4-to-1 multiplexer                             : 1
 5-bit 4-to-1 multiplexer                              : 1
# Logic shifters                                       : 1
 32-bit shifter logical right                          : 1
# FSMs                                                 : 1
# Xors                                                 : 3
 1-bit xor2                                            : 1
 32-bit xor2                                           : 2

=========================================================================

=========================================================================
*                         Low Level Synthesis                           *
=========================================================================
Analyzing FSM <MFsm> for best encoding.
Optimizing FSM <U1/Controller/FSM_0> on signal <state[1:17]> with one-hot encoding.
----------------------------
 State | Encoding
----------------------------
 00000 | 00000000000000001
 00001 | 00000000000000010
 00110 | 00000000000000100
 01010 | 00000000000001000
 01100 | 00000000000010000
 00010 | 00000000000100000
 01001 | 00000000001000000
 01111 | 00000000010000000
 01000 | 00000000100000000
 01101 | 00000001000000000
 11111 | 00000010000000000
 00011 | 00000100000000000
 00101 | 00001000000000000
 00100 | 00010000000000000
 00111 | 00100000000000000
 01110 | 01000000000000000
 01011 | 10000000000000000
----------------------------

Optimizing unit <REG32> ...

Optimizing unit <SOCMF> ...

Optimizing unit <M_Datapath> ...

Optimizing unit <alu> ...

Optimizing unit <Regs> ...

Optimizing unit <M_Ctrl> ...

Optimizing unit <Counter> ...

Mapping all equations...
Building and optimizing final netlist ...
Found area constraint ratio of 100 (+ 5) on block SOCMF, actual ratio is 3.
INFO:Xst:2260 - The FF/Latch <P7SEG/sh_clk> in Unit <U6> is equivalent to the following FF/Latch : <P7SEG/sh_clk_1> 
INFO:Xst:2260 - The FF/Latch <P7SEG/S_0> in Unit <U6> is equivalent to the following FF/Latch : <P7SEG/S_0_1> 
INFO:Xst:2260 - The FF/Latch <P7SEG/sh_clk> in Unit <U6> is equivalent to the following FF/Latch : <P7SEG/sh_clk_1> 
INFO:Xst:2260 - The FF/Latch <P7SEG/S_0> in Unit <U6> is equivalent to the following FF/Latch : <P7SEG/S_0_1> 
FlipFlop U1/Controller/state_FSM_FFd10 has been replicated 1 time(s)
FlipFlop U1/Controller/state_FSM_FFd13 has been replicated 1 time(s)
FlipFlop U1/DataPath/IR/Q_16 has been replicated 2 time(s)
FlipFlop U1/DataPath/IR/Q_17 has been replicated 2 time(s)
FlipFlop U1/DataPath/IR/Q_20 has been replicated 1 time(s)
FlipFlop U1/DataPath/IR/Q_21 has been replicated 3 time(s)
FlipFlop U1/DataPath/IR/Q_22 has been replicated 5 time(s)

Final Macro Processing ...

=========================================================================
Final Register Report

Macro Statistics
# Registers                                            : 1254
 Flip-Flops                                            : 1254

=========================================================================

=========================================================================
*                           Partition Report                            *
=========================================================================

Partition Implementation Status
-------------------------------

  No Partitions were found in this design.

-------------------------------

=========================================================================
*                            Design Summary                             *
=========================================================================

Top Level Output File Name         : SOCMF.ngc

Primitive and Black Box Usage:
------------------------------
# BELS                             : 4065
#      AND2                        : 10
#      AND3                        : 99
#      AND4                        : 81
#      BUF                         : 1
#      GND                         : 4
#      INV                         : 100
#      LUT1                        : 97
#      LUT2                        : 52
#      LUT3                        : 1181
#      LUT4                        : 255
#      LUT5                        : 419
#      LUT6                        : 1177
#      MUXCY                       : 196
#      MUXF7                       : 95
#      OR2                         : 63
#      OR3                         : 27
#      OR4                         : 36
#      VCC                         : 5
#      XORCY                       : 167
# FlipFlops/Latches                : 1660
#      FD                          : 191
#      FDC                         : 119
#      FDCE                        : 1071
#      FDCE_1                      : 22
#      FDE                         : 101
#      FDE_1                       : 118
#      FDP                         : 1
#      FDPE_1                      : 6
#      FDR                         : 2
#      FDRE                        : 29
# RAMS                             : 1
#      RAMB36E1                    : 1
# Clock Buffers                    : 5
#      BUFG                        : 4
#      BUFGP                       : 1
# IO Buffers                       : 58
#      IBUF                        : 21
#      OBUF                        : 37

Device utilization summary:
---------------------------

Selected Device : 7k160tffg676-2l 


Slice Logic Utilization: 
 Number of Slice Registers:            1660  out of  202800     0%  
 Number of Slice LUTs:                 3281  out of  101400     3%  
    Number used as Logic:              3281  out of  101400     3%  

Slice Logic Distribution: 
 Number of LUT Flip Flop pairs used:   3525
   Number with an unused Flip Flop:    1865  out of   3525    52%  
   Number with an unused LUT:           244  out of   3525     6%  
   Number of fully used LUT-FF pairs:  1416  out of   3525    40%  
   Number of unique control sets:        34

IO Utilization: 
 Number of IOs:                          59
 Number of bonded IOBs:                  59  out of    400    14%  

Specific Feature Utilization:
 Number of Block RAM/FIFO:                1  out of    325     0%  
    Number using Block RAM only:          1
 Number of BUFG/BUFGCTRLs:                5  out of     32    15%  

---------------------------
Partition Resource Summary:
---------------------------

  No Partitions were found in this design.

---------------------------


=========================================================================
Timing Report

NOTE: THESE TIMING NUMBERS ARE ONLY A SYNTHESIS ESTIMATE.
      FOR ACCURATE TIMING INFORMATION PLEASE REFER TO THE TRACE REPORT
      GENERATED AFTER PLACE-and-ROUTE.

Clock Information:
------------------
-----------------------------------+-----------------------------+-------+
Clock Signal                       | Clock buffer(FF name)       | Load  |
-----------------------------------+-----------------------------+-------+
clk_100mhz                         | BUFGP                       | 195   |
Clk_CPU(U8/Mmux_Clk_CPU11:O)       | BUFG(*)(U1/DataPath/IR/Q_31)| 1305  |
U8/clkdiv_6                        | BUFG                        | 35    |
U9/clk1                            | BUFG                        | 41    |
M4/push(M4/push1:O)                | NONE(*)(M4/state_0)         | 3     |
U6/P7SEG/sh_clk                    | BUFG                        | 65    |
U7/ledclk                          | NONE(U7/P7SEG/Q_16)         | 17    |
-----------------------------------+-----------------------------+-------+
(*) These 2 clock signal(s) are generated by combinatorial logic,
and XST is not able to identify which are the primary clock signals.
Please use the CLOCK_SIGNAL constraint to specify the clock signal(s) generated by combinatorial logic.
INFO:Xst:2169 - HDL ADVISOR - Some clock signals were not automatically buffered by XST with BUFG/BUFR resources. Please use the buffer_type constraint in order to insert these buffers to the clock signals to help prevent skew problems.

Asynchronous Control Signals Information:
----------------------------------------
-----------------------------------+-----------------------------------------------------------------------------------------------------------------------------------------+-------+
Control Signal                     | Buffer(FF name)                                                                                                                         | Load  |
-----------------------------------+-----------------------------------------------------------------------------------------------------------------------------------------+-------+
U3/N1(U3/XST_GND:G)                | NONE(U3/U0/xst_blk_mem_generator/gnativebmg.native_blk_mem_gen/valid.cstr/ramloop[0].ram.r/v6_init.ram/NO_BMM_INFO.SP.SIMPLE_PRIM36.ram)| 2     |
-----------------------------------+-----------------------------------------------------------------------------------------------------------------------------------------+-------+

Timing Summary:
---------------
Speed Grade: -2

   Minimum period: 5.991ns (Maximum Frequency: 166.931MHz)
   Minimum input arrival time before clock: 2.109ns
   Maximum output required time after clock: 7.161ns
   Maximum combinational path delay: No path found

Timing Details:
---------------
All values displayed in nanoseconds (ns)

=========================================================================
Timing constraint: Default period analysis for Clock 'clk_100mhz'
  Clock period: 2.195ns (frequency: 455.633MHz)
  Total number of paths / destination ports: 6168 / 262
-------------------------------------------------------------------------
Delay:               2.195ns (Levels of Logic = 8)
  Source:            U9/sw_temp_2 (FF)
  Destination:       U9/SW_OK_0 (FF)
  Source Clock:      clk_100mhz rising
  Destination Clock: clk_100mhz rising

  Data Path: U9/sw_temp_2 to U9/SW_OK_0
                                Gate     Net
    Cell:in->out      fanout   Delay   Delay  Logical Name (Net Name)
    ----------------------------------------  ------------
     FD:C->Q               1   0.236   0.495  sw_temp_2 (sw_temp<2>)
     LUT6:I3->O            1   0.043   0.000  Mcompar_sw_temp[15]_SW[15]_not_equal_100_o_lut<0> (Mcompar_sw_temp[15]_SW[15]_not_equal_100_o_lut<0>)
     MUXCY:S->O            1   0.238   0.000  Mcompar_sw_temp[15]_SW[15]_not_equal_100_o_cy<0> (Mcompar_sw_temp[15]_SW[15]_not_equal_100_o_cy<0>)
     MUXCY:CI->O           1   0.013   0.000  Mcompar_sw_temp[15]_SW[15]_not_equal_100_o_cy<1> (Mcompar_sw_temp[15]_SW[15]_not_equal_100_o_cy<1>)
     MUXCY:CI->O           1   0.013   0.000  Mcompar_sw_temp[15]_SW[15]_not_equal_100_o_cy<2> (Mcompar_sw_temp[15]_SW[15]_not_equal_100_o_cy<2>)
     MUXCY:CI->O           1   0.013   0.000  Mcompar_sw_temp[15]_SW[15]_not_equal_100_o_cy<3> (Mcompar_sw_temp[15]_SW[15]_not_equal_100_o_cy<3>)
     MUXCY:CI->O           1   0.013   0.000  Mcompar_sw_temp[15]_SW[15]_not_equal_100_o_cy<4> (Mcompar_sw_temp[15]_SW[15]_not_equal_100_o_cy<4>)
     MUXCY:CI->O          43   0.013   0.471  Mcompar_sw_temp[15]_SW[15]_not_equal_100_o_cy<5> (sw_temp[15]_SW[15]_not_equal_100_o)
     INV:I->O             17   0.054   0.429  _n0243_inv1_cepot_cepot_INV_0 (_n0243_inv1_cepot_cepot)
     FDE:CE                    0.161          SW_OK_0
    ----------------------------------------
    Total                      2.195ns (0.800ns logic, 1.395ns route)
                                       (36.4% logic, 63.6% route)

=========================================================================
Timing constraint: Default period analysis for Clock 'Clk_CPU'
  Clock period: 5.991ns (frequency: 166.931MHz)
  Total number of paths / destination ports: 7787457 / 2472
-------------------------------------------------------------------------
Delay:               5.991ns (Levels of Logic = 12)
  Source:            U1/DataPath/regs/register_31_246 (FF)
  Destination:       U1/DataPath/PC/Q_1 (FF)
  Source Clock:      Clk_CPU rising
  Destination Clock: Clk_CPU rising

  Data Path: U1/DataPath/regs/register_31_246 to U1/DataPath/PC/Q_1
                                Gate     Net
    Cell:in->out      fanout   Delay   Delay  Logical Name (Net Name)
    ----------------------------------------  ------------
     FDCE:C->Q             3   0.236   0.625  U1/DataPath/regs/register_31_246 (U1/DataPath/regs/register_31_246)
     LUT6:I0->O            1   0.043   0.522  U1/DataPath/regs/Mmux_R_addr_A[4]_register[31][31]_wide_mux_1_OUT_843 (U1/DataPath/regs/Mmux_R_addr_A[4]_register[31][31]_wide_mux_1_OUT_843)
     LUT6:I2->O            1   0.043   0.000  U1/DataPath/regs/Mmux_R_addr_A[4]_register[31][31]_wide_mux_1_OUT_314 (U1/DataPath/regs/Mmux_R_addr_A[4]_register[31][31]_wide_mux_1_OUT_314)
     MUXF7:I1->O           2   0.178   0.355  U1/DataPath/regs/Mmux_R_addr_A[4]_register[31][31]_wide_mux_1_OUT_2_f7_13 (U1/DataPath/regs/R_addr_A[4]_register[31][31]_wide_mux_1_OUT<22>)
     LUT4:I3->O            7   0.043   0.647  U1/DataPath/MUX4/Mmux_o151 (U1/DataPath/Alu_A<22>)
     LUT6:I0->O            4   0.043   0.367  U1/DataPath/x_ALU/Sh201 (U1/DataPath/x_ALU/Sh20)
     LUT5:I4->O            2   0.043   0.527  U1/DataPath/x_ALU/Sh4011 (U1/DataPath/x_ALU/Sh401)
     LUT6:I2->O            1   0.043   0.350  U1/DataPath/x_ALU/MUXALU/Mmux_o315 (U1/DataPath/x_ALU/MUXALU/Mmux_o314)
     LUT6:I5->O            3   0.043   0.507  U1/DataPath/x_ALU/MUXALU/Mmux_o316 (U1/DataPath/res<8>)
     LUT6:I3->O            1   0.043   0.350  U1/DataPath/x_ALU/ALU_Zero/o1_SW0 (N158)
     LUT6:I5->O            5   0.043   0.373  U1/DataPath/x_ALU/ALU_Zero/o2 (U1/DataPath/x_ALU/ALU_Zero/o1)
     LUT6:I5->O           28   0.043   0.479  U1/DataPath/CE (U1/DataPath/CE)
     LUT3:I2->O            1   0.043   0.000  U1/DataPath/PC/Q_27_rstpot (U1/DataPath/PC/Q_27_rstpot)
     FDC:D                    -0.000          U1/DataPath/PC/Q_27
    ----------------------------------------
    Total                      5.991ns (0.887ns logic, 5.104ns route)
                                       (14.8% logic, 85.2% route)

=========================================================================
Timing constraint: Default period analysis for Clock 'U8/clkdiv_6'
  Clock period: 2.221ns (frequency: 450.288MHz)
  Total number of paths / destination ports: 788 / 36
-------------------------------------------------------------------------
Delay:               2.221ns (Levels of Logic = 35)
  Source:            U10/counter0_0 (FF)
  Destination:       U10/counter0_32 (FF)
  Source Clock:      U8/clkdiv_6 rising
  Destination Clock: U8/clkdiv_6 rising

  Data Path: U10/counter0_0 to U10/counter0_32
                                Gate     Net
    Cell:in->out      fanout   Delay   Delay  Logical Name (Net Name)
    ----------------------------------------  ------------
     FDC:C->Q              4   0.236   0.367  U10/counter0_0 (U10/counter0_0)
     LUT1:I0->O            1   0.043   0.000  U10/Msub_counter0[32]_GND_31_o_sub_26_OUT_cy<0>_rt (U10/Msub_counter0[32]_GND_31_o_sub_26_OUT_cy<0>_rt)
     MUXCY:S->O            1   0.238   0.000  U10/Msub_counter0[32]_GND_31_o_sub_26_OUT_cy<0> (U10/Msub_counter0[32]_GND_31_o_sub_26_OUT_cy<0>)
     MUXCY:CI->O           1   0.013   0.000  U10/Msub_counter0[32]_GND_31_o_sub_26_OUT_cy<1> (U10/Msub_counter0[32]_GND_31_o_sub_26_OUT_cy<1>)
     MUXCY:CI->O           1   0.013   0.000  U10/Msub_counter0[32]_GND_31_o_sub_26_OUT_cy<2> (U10/Msub_counter0[32]_GND_31_o_sub_26_OUT_cy<2>)
     MUXCY:CI->O           1   0.013   0.000  U10/Msub_counter0[32]_GND_31_o_sub_26_OUT_cy<3> (U10/Msub_counter0[32]_GND_31_o_sub_26_OUT_cy<3>)
     MUXCY:CI->O           1   0.013   0.000  U10/Msub_counter0[32]_GND_31_o_sub_26_OUT_cy<4> (U10/Msub_counter0[32]_GND_31_o_sub_26_OUT_cy<4>)
     MUXCY:CI->O           1   0.013   0.000  U10/Msub_counter0[32]_GND_31_o_sub_26_OUT_cy<5> (U10/Msub_counter0[32]_GND_31_o_sub_26_OUT_cy<5>)
     MUXCY:CI->O           1   0.013   0.000  U10/Msub_counter0[32]_GND_31_o_sub_26_OUT_cy<6> (U10/Msub_counter0[32]_GND_31_o_sub_26_OUT_cy<6>)
     MUXCY:CI->O           1   0.013   0.000  U10/Msub_counter0[32]_GND_31_o_sub_26_OUT_cy<7> (U10/Msub_counter0[32]_GND_31_o_sub_26_OUT_cy<7>)
     MUXCY:CI->O           1   0.013   0.000  U10/Msub_counter0[32]_GND_31_o_sub_26_OUT_cy<8> (U10/Msub_counter0[32]_GND_31_o_sub_26_OUT_cy<8>)
     MUXCY:CI->O           1   0.013   0.000  U10/Msub_counter0[32]_GND_31_o_sub_26_OUT_cy<9> (U10/Msub_counter0[32]_GND_31_o_sub_26_OUT_cy<9>)
     MUXCY:CI->O           1   0.013   0.000  U10/Msub_counter0[32]_GND_31_o_sub_26_OUT_cy<10> (U10/Msub_counter0[32]_GND_31_o_sub_26_OUT_cy<10>)
     MUXCY:CI->O           1   0.013   0.000  U10/Msub_counter0[32]_GND_31_o_sub_26_OUT_cy<11> (U10/Msub_counter0[32]_GND_31_o_sub_26_OUT_cy<11>)
     MUXCY:CI->O           1   0.013   0.000  U10/Msub_counter0[32]_GND_31_o_sub_26_OUT_cy<12> (U10/Msub_counter0[32]_GND_31_o_sub_26_OUT_cy<12>)
     MUXCY:CI->O           1   0.013   0.000  U10/Msub_counter0[32]_GND_31_o_sub_26_OUT_cy<13> (U10/Msub_counter0[32]_GND_31_o_sub_26_OUT_cy<13>)
     MUXCY:CI->O           1   0.013   0.000  U10/Msub_counter0[32]_GND_31_o_sub_26_OUT_cy<14> (U10/Msub_counter0[32]_GND_31_o_sub_26_OUT_cy<14>)
     MUXCY:CI->O           1   0.013   0.000  U10/Msub_counter0[32]_GND_31_o_sub_26_OUT_cy<15> (U10/Msub_counter0[32]_GND_31_o_sub_26_OUT_cy<15>)
     MUXCY:CI->O           1   0.013   0.000  U10/Msub_counter0[32]_GND_31_o_sub_26_OUT_cy<16> (U10/Msub_counter0[32]_GND_31_o_sub_26_OUT_cy<16>)
     MUXCY:CI->O           1   0.013   0.000  U10/Msub_counter0[32]_GND_31_o_sub_26_OUT_cy<17> (U10/Msub_counter0[32]_GND_31_o_sub_26_OUT_cy<17>)
     MUXCY:CI->O           1   0.013   0.000  U10/Msub_counter0[32]_GND_31_o_sub_26_OUT_cy<18> (U10/Msub_counter0[32]_GND_31_o_sub_26_OUT_cy<18>)
     MUXCY:CI->O           1   0.013   0.000  U10/Msub_counter0[32]_GND_31_o_sub_26_OUT_cy<19> (U10/Msub_counter0[32]_GND_31_o_sub_26_OUT_cy<19>)
     MUXCY:CI->O           1   0.013   0.000  U10/Msub_counter0[32]_GND_31_o_sub_26_OUT_cy<20> (U10/Msub_counter0[32]_GND_31_o_sub_26_OUT_cy<20>)
     MUXCY:CI->O           1   0.013   0.000  U10/Msub_counter0[32]_GND_31_o_sub_26_OUT_cy<21> (U10/Msub_counter0[32]_GND_31_o_sub_26_OUT_cy<21>)
     MUXCY:CI->O           1   0.013   0.000  U10/Msub_counter0[32]_GND_31_o_sub_26_OUT_cy<22> (U10/Msub_counter0[32]_GND_31_o_sub_26_OUT_cy<22>)
     MUXCY:CI->O           1   0.013   0.000  U10/Msub_counter0[32]_GND_31_o_sub_26_OUT_cy<23> (U10/Msub_counter0[32]_GND_31_o_sub_26_OUT_cy<23>)
     MUXCY:CI->O           1   0.013   0.000  U10/Msub_counter0[32]_GND_31_o_sub_26_OUT_cy<24> (U10/Msub_counter0[32]_GND_31_o_sub_26_OUT_cy<24>)
     MUXCY:CI->O           1   0.013   0.000  U10/Msub_counter0[32]_GND_31_o_sub_26_OUT_cy<25> (U10/Msub_counter0[32]_GND_31_o_sub_26_OUT_cy<25>)
     MUXCY:CI->O           1   0.013   0.000  U10/Msub_counter0[32]_GND_31_o_sub_26_OUT_cy<26> (U10/Msub_counter0[32]_GND_31_o_sub_26_OUT_cy<26>)
     MUXCY:CI->O           1   0.013   0.000  U10/Msub_counter0[32]_GND_31_o_sub_26_OUT_cy<27> (U10/Msub_counter0[32]_GND_31_o_sub_26_OUT_cy<27>)
     MUXCY:CI->O           1   0.013   0.000  U10/Msub_counter0[32]_GND_31_o_sub_26_OUT_cy<28> (U10/Msub_counter0[32]_GND_31_o_sub_26_OUT_cy<28>)
     MUXCY:CI->O           1   0.013   0.000  U10/Msub_counter0[32]_GND_31_o_sub_26_OUT_cy<29> (U10/Msub_counter0[32]_GND_31_o_sub_26_OUT_cy<29>)
     MUXCY:CI->O           1   0.013   0.000  U10/Msub_counter0[32]_GND_31_o_sub_26_OUT_cy<30> (U10/Msub_counter0[32]_GND_31_o_sub_26_OUT_cy<30>)
     MUXCY:CI->O           0   0.013   0.000  U10/Msub_counter0[32]_GND_31_o_sub_26_OUT_cy<31> (U10/Msub_counter0[32]_GND_31_o_sub_26_OUT_cy<31>)
     XORCY:CI->O           1   0.262   0.613  U10/Msub_counter0[32]_GND_31_o_sub_26_OUT_xor<32> (U10/counter0[32]_GND_31_o_sub_26_OUT<32>)
     LUT6:I0->O            1   0.043   0.000  U10/Mmux_counter_Ctrl[2]_counter0[32]_wide_mux_26_OUT262 (U10/counter_Ctrl[2]_counter0[32]_wide_mux_26_OUT<32>)
     FDC:D                    -0.000          U10/counter0_32
    ----------------------------------------
    Total                      2.221ns (1.240ns logic, 0.980ns route)
                                       (55.9% logic, 44.1% route)

=========================================================================
Timing constraint: Default period analysis for Clock 'U9/clk1'
  Clock period: 2.152ns (frequency: 464.587MHz)
  Total number of paths / destination ports: 1454 / 90
-------------------------------------------------------------------------
Delay:               2.152ns (Levels of Logic = 7)
  Source:            U9/counter_8 (FF)
  Destination:       U9/Key_x_0 (FF)
  Source Clock:      U9/clk1 rising
  Destination Clock: U9/clk1 rising

  Data Path: U9/counter_8 to U9/Key_x_0
                                Gate     Net
    Cell:in->out      fanout   Delay   Delay  Logical Name (Net Name)
    ----------------------------------------  ------------
     FDRE:C->Q             3   0.236   0.615  counter_8 (counter<8>)
     LUT5:I0->O            1   0.043   0.000  Mcompar_counter[31]_GND_1_o_LessThan_5_o_lut<0> (Mcompar_counter[31]_GND_1_o_LessThan_5_o_lut<0>)
     MUXCY:S->O            1   0.238   0.000  Mcompar_counter[31]_GND_1_o_LessThan_5_o_cy<0> (Mcompar_counter[31]_GND_1_o_LessThan_5_o_cy<0>)
     MUXCY:CI->O           1   0.013   0.000  Mcompar_counter[31]_GND_1_o_LessThan_5_o_cy<1> (Mcompar_counter[31]_GND_1_o_LessThan_5_o_cy<1>)
     MUXCY:CI->O           1   0.013   0.000  Mcompar_counter[31]_GND_1_o_LessThan_5_o_cy<2> (Mcompar_counter[31]_GND_1_o_LessThan_5_o_cy<2>)
     MUXCY:CI->O           1   0.013   0.000  Mcompar_counter[31]_GND_1_o_LessThan_5_o_cy<3> (Mcompar_counter[31]_GND_1_o_LessThan_5_o_cy<3>)
     MUXCY:CI->O           8   0.013   0.378  Mcompar_counter[31]_GND_1_o_LessThan_5_o_cy<4> (Mcompar_counter[31]_GND_1_o_LessThan_5_o_cy<4>)
     INV:I->O              7   0.054   0.373  _n0225_inv1_cepot_INV_0 (_n0225_inv1_cepot)
     FDE:CE                    0.161          Key_x_0
    ----------------------------------------
    Total                      2.152ns (0.786ns logic, 1.366ns route)
                                       (36.5% logic, 63.5% route)

=========================================================================
Timing constraint: Default period analysis for Clock 'M4/push'
  Clock period: 1.069ns (frequency: 935.060MHz)
  Total number of paths / destination ports: 6 / 3
-------------------------------------------------------------------------
Delay:               1.069ns (Levels of Logic = 1)
  Source:            M4/state_0 (FF)
  Destination:       M4/state_0 (FF)
  Source Clock:      M4/push rising
  Destination Clock: M4/push rising

  Data Path: M4/state_0 to M4/state_0
                                Gate     Net
    Cell:in->out      fanout   Delay   Delay  Logical Name (Net Name)
    ----------------------------------------  ------------
     FDE:C->Q             19   0.236   0.440  state_0 (state<0>)
     INV:I->O              1   0.054   0.339  Result<0>1_INV_0 (Result<0>)
     FDE:D                    -0.000          state_0
    ----------------------------------------
    Total                      1.069ns (0.290ns logic, 0.779ns route)
                                       (27.1% logic, 72.9% route)

=========================================================================
Timing constraint: Default period analysis for Clock 'U6/P7SEG/sh_clk'
  Clock period: 0.700ns (frequency: 1428.469MHz)
  Total number of paths / destination ports: 128 / 65
-------------------------------------------------------------------------
Delay:               0.700ns (Levels of Logic = 1)
  Source:            U6/P7SEG/Q_63 (FF)
  Destination:       U6/P7SEG/Q_62 (FF)
  Source Clock:      U6/P7SEG/sh_clk falling
  Destination Clock: U6/P7SEG/sh_clk falling

  Data Path: U6/P7SEG/Q_63 to U6/P7SEG/Q_62
                                Gate     Net
    Cell:in->out      fanout   Delay   Delay  Logical Name (Net Name)
    ----------------------------------------  ------------
     FDE_1:C->Q            3   0.240   0.417  P7SEG/Q_63 (P7SEG/Q<63>)
     LUT5:I3->O            1   0.043   0.000  P7SEG/mux12312 (P7SEG/S1_GND_13_o_wide_mux_1_OUT<62>)
     FDE_1:D                  -0.000          P7SEG/Q_62
    ----------------------------------------
    Total                      0.700ns (0.283ns logic, 0.417ns route)
                                       (40.4% logic, 59.6% route)

=========================================================================
Timing constraint: Default period analysis for Clock 'U7/ledclk'
  Clock period: 0.700ns (frequency: 1428.469MHz)
  Total number of paths / destination ports: 32 / 17
-------------------------------------------------------------------------
Delay:               0.700ns (Levels of Logic = 1)
  Source:            U7/P7SEG/Q_14 (FF)
  Destination:       U7/P7SEG/Q_15 (FF)
  Source Clock:      U7/ledclk falling
  Destination Clock: U7/ledclk falling

  Data Path: U7/P7SEG/Q_14 to U7/P7SEG/Q_15
                                Gate     Net
    Cell:in->out      fanout   Delay   Delay  Logical Name (Net Name)
    ----------------------------------------  ------------
     FDE_1:C->Q            3   0.240   0.417  P7SEG/Q_14 (P7SEG/Q<14>)
     LUT5:I3->O            1   0.043   0.000  P7SEG/mux2311 (P7SEG/S1_PData[15]_wide_mux_1_OUT<15>)
     FDE_1:D                  -0.000          P7SEG/Q_15
    ----------------------------------------
    Total                      0.700ns (0.283ns logic, 0.417ns route)
                                       (40.4% logic, 59.6% route)

=========================================================================
Timing constraint: Default OFFSET IN BEFORE for Clock 'clk_100mhz'
  Total number of paths / destination ports: 1195 / 100
-------------------------------------------------------------------------
Offset:              2.089ns (Levels of Logic = 10)
  Source:            SW<2> (PAD)
  Destination:       U9/SW_OK_0 (FF)
  Destination Clock: clk_100mhz rising

  Data Path: SW<2> to U9/SW_OK_0
                                Gate     Net
    Cell:in->out      fanout   Delay   Delay  Logical Name (Net Name)
    ----------------------------------------  ------------
     IBUF:I->O             3   0.000   0.625  SW_2_IBUF (SW_2_IBUF)
     begin scope: 'U9:SW<2>'
     LUT6:I0->O            1   0.043   0.000  Mcompar_sw_temp[15]_SW[15]_not_equal_100_o_lut<0> (Mcompar_sw_temp[15]_SW[15]_not_equal_100_o_lut<0>)
     MUXCY:S->O            1   0.238   0.000  Mcompar_sw_temp[15]_SW[15]_not_equal_100_o_cy<0> (Mcompar_sw_temp[15]_SW[15]_not_equal_100_o_cy<0>)
     MUXCY:CI->O           1   0.013   0.000  Mcompar_sw_temp[15]_SW[15]_not_equal_100_o_cy<1> (Mcompar_sw_temp[15]_SW[15]_not_equal_100_o_cy<1>)
     MUXCY:CI->O           1   0.013   0.000  Mcompar_sw_temp[15]_SW[15]_not_equal_100_o_cy<2> (Mcompar_sw_temp[15]_SW[15]_not_equal_100_o_cy<2>)
     MUXCY:CI->O           1   0.013   0.000  Mcompar_sw_temp[15]_SW[15]_not_equal_100_o_cy<3> (Mcompar_sw_temp[15]_SW[15]_not_equal_100_o_cy<3>)
     MUXCY:CI->O           1   0.013   0.000  Mcompar_sw_temp[15]_SW[15]_not_equal_100_o_cy<4> (Mcompar_sw_temp[15]_SW[15]_not_equal_100_o_cy<4>)
     MUXCY:CI->O          43   0.013   0.471  Mcompar_sw_temp[15]_SW[15]_not_equal_100_o_cy<5> (sw_temp[15]_SW[15]_not_equal_100_o)
     INV:I->O             17   0.054   0.429  _n0243_inv1_cepot_cepot_INV_0 (_n0243_inv1_cepot_cepot)
     FDE:CE                    0.161          SW_OK_0
    ----------------------------------------
    Total                      2.089ns (0.563ns logic, 1.525ns route)
                                       (27.0% logic, 73.0% route)

=========================================================================
Timing constraint: Default OFFSET IN BEFORE for Clock 'U9/clk1'
  Total number of paths / destination ports: 176 / 41
-------------------------------------------------------------------------
Offset:              2.109ns (Levels of Logic = 6)
  Source:            K_COL<3> (PAD)
  Destination:       U9/Key_x_1 (FF)
  Destination Clock: U9/clk1 rising

  Data Path: K_COL<3> to U9/Key_x_1
                                Gate     Net
    Cell:in->out      fanout   Delay   Delay  Logical Name (Net Name)
    ----------------------------------------  ------------
     IBUF:I->O             6   0.000   0.550  K_COL_3_IBUF (K_COL_3_IBUF)
     begin scope: 'U9:Key_y<3>'
     LUT4:I0->O           12   0.043   0.674  out1 (n0016)
     LUT6:I0->O            3   0.043   0.362  _n0295<0>1 (_n0295<0>)
     LUT6:I5->O            1   0.043   0.350  Key_x[4]_PWR_1_o_select_74_OUT<1>1 (Key_x[4]_PWR_1_o_select_74_OUT<4>)
     LUT3:I2->O            1   0.043   0.000  Key_x_4_dpot (Key_x_4_dpot)
     FDE:D                    -0.000          Key_x_4
    ----------------------------------------
    Total                      2.109ns (0.172ns logic, 1.937ns route)
                                       (8.2% logic, 91.8% route)

=========================================================================
Timing constraint: Default OFFSET OUT AFTER for Clock 'clk_100mhz'
  Total number of paths / destination ports: 4842 / 15
-------------------------------------------------------------------------
Offset:              5.453ns (Levels of Logic = 15)
  Source:            U9/SW_OK_5 (FF)
  Destination:       SEGMENT<6> (PAD)
  Source Clock:      clk_100mhz rising

  Data Path: U9/SW_OK_5 to SEGMENT<6>
                                Gate     Net
    Cell:in->out      fanout   Delay   Delay  Logical Name (Net Name)
    ----------------------------------------  ------------
     FDE:C->Q            100   0.236   0.547  SW_OK_5 (SW_OK<5>)
     end scope: 'U9:SW_OK<5>'
     begin scope: 'U4:SW<5>'
     LUT6:I4->O            3   0.043   0.534  Mmux_Cpu_data4bus281 (Cpu_data4bus<5>)
     end scope: 'U4:Cpu_data4bus<5>'
     begin scope: 'U5:data6<5>'
     LUT6:I2->O            1   0.043   0.000  MUX1_DispData/Mmux_o_327 (MUX1_DispData/Mmux_o_327)
     MUXF7:I1->O          15   0.178   0.483  MUX1_DispData/Mmux_o_2_f7_26 (Disp_num<5>)
     end scope: 'U5:Disp_num<5>'
     begin scope: 'U61:Hexs<5>'
     LUT6:I4->O            1   0.043   0.000  M2/Mmux_Hexo_41 (M2/Mmux_Hexo_41)
     MUXF7:I0->O          11   0.176   0.395  M2/Mmux_Hexo_2_f7_0 (Hex<1>)
     INV:I->O              8   0.054   0.642  M1/XLXI_3 (M1/XLXN_62)
     AND3:I1->O            1   0.043   0.613  M1/XLXI_35 (M1/XLXN_172)
     OR3:I0->O             1   0.043   0.603  M1/XLXI_36 (M1/XLXN_212)
     OR2:I1->O             1   0.043   0.350  M1/XLXI_51 (SEG_TXT<4>)
     LUT3:I2->O            1   0.043   0.339  MUXHM/Mmux_o5 (SEGMENT<4>)
     end scope: 'U61:SEGMENT<4>'
     OBUF:I->O                 0.000          SEGMENT_4_OBUF (SEGMENT<4>)
    ----------------------------------------
    Total                      5.453ns (0.945ns logic, 4.508ns route)
                                       (17.3% logic, 82.7% route)

=========================================================================
Timing constraint: Default OFFSET OUT AFTER for Clock 'U9/clk1'
  Total number of paths / destination ports: 6 / 6
-------------------------------------------------------------------------
Offset:              0.658ns (Levels of Logic = 2)
  Source:            U9/Key_x_4 (FF)
  Destination:       K_ROW<4> (PAD)
  Source Clock:      U9/clk1 rising

  Data Path: U9/Key_x_4 to K_ROW<4>
                                Gate     Net
    Cell:in->out      fanout   Delay   Delay  Logical Name (Net Name)
    ----------------------------------------  ------------
     FDE:C->Q             16   0.236   0.422  Key_x_4 (Key_x<4>)
     end scope: 'U9:Key_x<4>'
     OBUF:I->O                 0.000          K_ROW_4_OBUF (K_ROW<4>)
    ----------------------------------------
    Total                      0.658ns (0.236ns logic, 0.422ns route)
                                       (35.8% logic, 64.2% route)

=========================================================================
Timing constraint: Default OFFSET OUT AFTER for Clock 'Clk_CPU'
  Total number of paths / destination ports: 96117 / 18
-------------------------------------------------------------------------
Offset:              7.161ns (Levels of Logic = 16)
  Source:            U1/DataPath/PC/Q_31 (FF)
  Destination:       SEGMENT<6> (PAD)
  Source Clock:      Clk_CPU rising

  Data Path: U1/DataPath/PC/Q_31 to SEGMENT<6>
                                Gate     Net
    Cell:in->out      fanout   Delay   Delay  Logical Name (Net Name)
    ----------------------------------------  ------------
     FDC:C->Q             12   0.236   0.556  U1/DataPath/PC/Q_31 (U1/DataPath/PC/Q_31)
     LUT4:I1->O           82   0.043   0.742  U1/DataPath/MUX5/Mmux_o251 (Addr_out<31>)
     begin scope: 'U4:addr_bus<31>'
     LUT5:I0->O           32   0.043   0.743  Mmux_data_ram_rd11 (data_ram_rd)
     LUT6:I0->O            3   0.043   0.534  Mmux_Cpu_data4bus171 (Cpu_data4bus<24>)
     end scope: 'U4:Cpu_data4bus<24>'
     begin scope: 'U5:data6<24>'
     LUT6:I2->O            1   0.043   0.000  MUX1_DispData/Mmux_o_316 (MUX1_DispData/Mmux_o_316)
     MUXF7:I1->O          16   0.178   0.605  MUX1_DispData/Mmux_o_2_f7_15 (Disp_num<24>)
     end scope: 'U5:Disp_num<24>'
     begin scope: 'U61:Hexs<24>'
     LUT6:I2->O            1   0.043   0.000  M2/Mmux_Hexo_3 (M2/Mmux_Hexo_3)
     MUXF7:I1->O          12   0.178   0.400  M2/Mmux_Hexo_2_f7 (Hex<0>)
     INV:I->O              6   0.054   0.641  M1/XLXI_4 (M1/XLXN_24)
     AND4:I0->O            1   0.043   0.613  M1/XLXI_28 (M1/XLXN_141)
     OR4:I0->O             1   0.043   0.603  M1/XLXI_29 (M1/XLXN_211)
     OR2:I1->O             1   0.043   0.350  M1/XLXI_50 (SEG_TXT<3>)
     LUT3:I2->O            1   0.043   0.339  MUXHM/Mmux_o4 (SEGMENT<3>)
     end scope: 'U61:SEGMENT<3>'
     OBUF:I->O                 0.000          SEGMENT_3_OBUF (SEGMENT<3>)
    ----------------------------------------
    Total                      7.161ns (1.033ns logic, 6.128ns route)
                                       (14.4% logic, 85.6% route)

=========================================================================
Timing constraint: Default OFFSET OUT AFTER for Clock 'U8/clkdiv_6'
  Total number of paths / destination ports: 1463 / 8
-------------------------------------------------------------------------
Offset:              5.573ns (Levels of Logic = 14)
  Source:            U10/counter0_24 (FF)
  Destination:       SEGMENT<6> (PAD)
  Source Clock:      U8/clkdiv_6 rising

  Data Path: U10/counter0_24 to SEGMENT<6>
                                Gate     Net
    Cell:in->out      fanout   Delay   Delay  Logical Name (Net Name)
    ----------------------------------------  ------------
     FDC:C->Q              4   0.236   0.539  U10/counter0_24 (U10/counter0_24)
     begin scope: 'U4:counter_out<24>'
     LUT6:I2->O            3   0.043   0.534  Mmux_Cpu_data4bus171 (Cpu_data4bus<24>)
     end scope: 'U4:Cpu_data4bus<24>'
     begin scope: 'U5:data6<24>'
     LUT6:I2->O            1   0.043   0.000  MUX1_DispData/Mmux_o_316 (MUX1_DispData/Mmux_o_316)
     MUXF7:I1->O          16   0.178   0.605  MUX1_DispData/Mmux_o_2_f7_15 (Disp_num<24>)
     end scope: 'U5:Disp_num<24>'
     begin scope: 'U61:Hexs<24>'
     LUT6:I2->O            1   0.043   0.000  M2/Mmux_Hexo_3 (M2/Mmux_Hexo_3)
     MUXF7:I1->O          12   0.178   0.400  M2/Mmux_Hexo_2_f7 (Hex<0>)
     INV:I->O              6   0.054   0.641  M1/XLXI_4 (M1/XLXN_24)
     AND4:I0->O            1   0.043   0.613  M1/XLXI_28 (M1/XLXN_141)
     OR4:I0->O             1   0.043   0.603  M1/XLXI_29 (M1/XLXN_211)
     OR2:I1->O             1   0.043   0.350  M1/XLXI_50 (SEG_TXT<3>)
     LUT3:I2->O            1   0.043   0.339  MUXHM/Mmux_o4 (SEGMENT<3>)
     end scope: 'U61:SEGMENT<3>'
     OBUF:I->O                 0.000          SEGMENT_3_OBUF (SEGMENT<3>)
    ----------------------------------------
    Total                      5.573ns (0.947ns logic, 4.626ns route)
                                       (17.0% logic, 83.0% route)

=========================================================================
Timing constraint: Default OFFSET OUT AFTER for Clock 'U7/ledclk'
  Total number of paths / destination ports: 1 / 1
-------------------------------------------------------------------------
Offset:              0.584ns (Levels of Logic = 2)
  Source:            U7/P7SEG/Q_16 (FF)
  Destination:       LEDDT (PAD)
  Source Clock:      U7/ledclk falling

  Data Path: U7/P7SEG/Q_16 to LEDDT
                                Gate     Net
    Cell:in->out      fanout   Delay   Delay  Logical Name (Net Name)
    ----------------------------------------  ------------
     FDE_1:C->Q            2   0.240   0.344  P7SEG/Q_16 (ledsout)
     end scope: 'U7:ledsout'
     OBUF:I->O                 0.000          LEDDT_OBUF (LEDDT)
    ----------------------------------------
    Total                      0.584ns (0.240ns logic, 0.344ns route)
                                       (41.1% logic, 58.9% route)

=========================================================================
Timing constraint: Default OFFSET OUT AFTER for Clock 'U6/P7SEG/sh_clk'
  Total number of paths / destination ports: 1 / 1
-------------------------------------------------------------------------
Offset:              0.584ns (Levels of Logic = 2)
  Source:            U6/P7SEG/Q_0 (FF)
  Destination:       SEGDT (PAD)
  Source Clock:      U6/P7SEG/sh_clk falling

  Data Path: U6/P7SEG/Q_0 to SEGDT
                                Gate     Net
    Cell:in->out      fanout   Delay   Delay  Logical Name (Net Name)
    ----------------------------------------  ------------
     FDE_1:C->Q            2   0.240   0.344  P7SEG/Q_0 (segsout)
     end scope: 'U6:segsout'
     OBUF:I->O                 0.000          SEGDT_OBUF (SEGDT)
    ----------------------------------------
    Total                      0.584ns (0.240ns logic, 0.344ns route)
                                       (41.1% logic, 58.9% route)

=========================================================================

Cross Clock Domains Report:
--------------------------

Clock to Setup on destination clock Clk_CPU
---------------+---------+---------+---------+---------+
               | Src:Rise| Src:Fall| Src:Rise| Src:Fall|
Source Clock   |Dest:Rise|Dest:Rise|Dest:Fall|Dest:Fall|
---------------+---------+---------+---------+---------+
Clk_CPU        |    5.991|         |    2.560|         |
U7/ledclk      |         |         |    2.352|         |
U8/clkdiv_6    |    0.824|         |    1.292|         |
clk_100mhz     |    1.544|         |    1.621|         |
---------------+---------+---------+---------+---------+

Clock to Setup on destination clock M4/push
---------------+---------+---------+---------+---------+
               | Src:Rise| Src:Fall| Src:Rise| Src:Fall|
Source Clock   |Dest:Rise|Dest:Rise|Dest:Fall|Dest:Fall|
---------------+---------+---------+---------+---------+
M4/push        |    1.069|         |         |         |
U9/clk1        |    0.818|         |         |         |
clk_100mhz     |    1.340|         |         |         |
---------------+---------+---------+---------+---------+

Clock to Setup on destination clock U6/P7SEG/sh_clk
---------------+---------+---------+---------+---------+
               | Src:Rise| Src:Fall| Src:Rise| Src:Fall|
Source Clock   |Dest:Rise|Dest:Rise|Dest:Fall|Dest:Fall|
---------------+---------+---------+---------+---------+
Clk_CPU        |         |         |    6.677|         |
U6/P7SEG/sh_clk|         |         |    0.700|         |
U8/clkdiv_6    |         |         |    5.089|         |
clk_100mhz     |         |         |    5.080|         |
---------------+---------+---------+---------+---------+

Clock to Setup on destination clock U7/ledclk
---------------+---------+---------+---------+---------+
               | Src:Rise| Src:Fall| Src:Rise| Src:Fall|
Source Clock   |Dest:Rise|Dest:Rise|Dest:Fall|Dest:Fall|
---------------+---------+---------+---------+---------+
Clk_CPU        |         |         |    1.376|         |
U7/ledclk      |         |         |    0.700|         |
---------------+---------+---------+---------+---------+

Clock to Setup on destination clock U8/clkdiv_6
---------------+---------+---------+---------+---------+
               | Src:Rise| Src:Fall| Src:Rise| Src:Fall|
Source Clock   |Dest:Rise|Dest:Rise|Dest:Fall|Dest:Fall|
---------------+---------+---------+---------+---------+
Clk_CPU        |         |    2.133|         |         |
U8/clkdiv_6    |    2.221|         |         |         |
clk_100mhz     |    1.621|         |         |         |
---------------+---------+---------+---------+---------+

Clock to Setup on destination clock U9/clk1
---------------+---------+---------+---------+---------+
               | Src:Rise| Src:Fall| Src:Rise| Src:Fall|
Source Clock   |Dest:Rise|Dest:Rise|Dest:Fall|Dest:Fall|
---------------+---------+---------+---------+---------+
U9/clk1        |    2.152|         |         |         |
clk_100mhz     |    1.292|         |         |         |
---------------+---------+---------+---------+---------+

Clock to Setup on destination clock clk_100mhz
---------------+---------+---------+---------+---------+
               | Src:Rise| Src:Fall| Src:Rise| Src:Fall|
Source Clock   |Dest:Rise|Dest:Rise|Dest:Fall|Dest:Fall|
---------------+---------+---------+---------+---------+
Clk_CPU        |    3.475|         |         |         |
M4/push        |    1.928|         |         |         |
U6/P7SEG/sh_clk|         |    2.068|         |         |
U9/clk1        |    1.100|         |         |         |
clk_100mhz     |    2.195|         |         |         |
---------------+---------+---------+---------+---------+

=========================================================================


Total REAL time to Xst completion: 53.00 secs
Total CPU time to Xst completion: 52.98 secs
 
--> 

Total memory usage is 515892 kilobytes

Number of errors   :    0 (   0 filtered)
Number of warnings :   73 (   0 filtered)
Number of infos    :   14 (   0 filtered)

