--------------------------------------------------------------------------------
Release 14.7 Trace  (nt64)
Copyright (c) 1995-2013 Xilinx, Inc.  All rights reserved.

d:\Xilinx\14.7\ISE_DS\ISE\bin\nt64\unwrapped\trce.exe -intstyle ise -v 3 -s 2L
-n 3 -fastpaths -xml SOCMF.twx SOCMF.ncd -o SOCMF.twr SOCMF.pcf -ucf
SOC-Sword.ucf

Design file:              SOCMF.ncd
Physical constraint file: SOCMF.pcf
Device,package,speed:     xc7k160t,ffg676,C,-2L (PRODUCTION 1.10 2013-10-13)
Report level:             verbose report

Environment Variable      Effect 
--------------------      ------ 
NONE                      No environment variables were set
--------------------------------------------------------------------------------

INFO:Timing:3412 - To improve timing, see the Timing Closure User Guide (UG612).
INFO:Timing:2752 - To get complete path coverage, use the unconstrained paths 
   option. All paths that are not constrained will be reported in the 
   unconstrained paths section(s) of the report.
INFO:Timing:3339 - The clock-to-out numbers in this timing report are based on 
   a 50 Ohm transmission line loading model.  For the details of this model, 
   and for more information on accounting for different loading conditions, 
   please see the device datasheet.

================================================================================
Timing constraint: TS_CLK_100M = PERIOD TIMEGRP "TM_CLK" 10 ns HIGH 50%;
For more information, see Period Analysis in the Timing Closure User Guide (UG612).

 5103 paths analyzed, 501 endpoints analyzed, 0 failing endpoints
 0 timing errors detected. (0 setup errors, 0 hold errors, 0 component switching limit errors)
 Minimum period is   4.755ns.
--------------------------------------------------------------------------------

Paths for end point U6/P7SEG/sh_clk (SLICE_X45Y117.SR), 1 path
--------------------------------------------------------------------------------
Slack (setup path):     5.245ns (requirement - (data path - clock path skew + uncertainty))
  Source:               U9/rst (FF)
  Destination:          U6/P7SEG/sh_clk (FF)
  Requirement:          10.000ns
  Data Path Delay:      4.204ns (Levels of Logic = 0)
  Clock Path Skew:      -0.516ns (0.988 - 1.504)
  Source Clock:         clk_100mhz_BUFGP rising at 0.000ns
  Destination Clock:    clk_100mhz_BUFGP rising at 10.000ns
  Clock Uncertainty:    0.035ns

  Clock Uncertainty:          0.035ns  ((TSJ^2 + TIJ^2)^1/2 + DJ) / 2 + PE
    Total System Jitter (TSJ):  0.070ns
    Total Input Jitter (TIJ):   0.000ns
    Discrete Jitter (DJ):       0.000ns
    Phase Error (PE):           0.000ns

  Maximum Data Path at Slow Process Corner: U9/rst to U6/P7SEG/sh_clk
    Location             Delay type         Delay(ns)  Physical Resource
                                                       Logical Resource(s)
    -------------------------------------------------  -------------------
    SLICE_X98Y35.BQ      Tcko                  0.259   U9/rst_counter<26>
                                                       U9/rst
    SLICE_X45Y117.SR     net (fanout=332)      3.733   rst
    SLICE_X45Y117.CLK    Trck                  0.212   U6/P7SEG/sh_clk
                                                       U6/P7SEG/sh_clk
    -------------------------------------------------  ---------------------------
    Total                                      4.204ns (0.471ns logic, 3.733ns route)
                                                       (11.2% logic, 88.8% route)

--------------------------------------------------------------------------------

Paths for end point U6/P7SEG/EN (SLICE_X37Y80.CE), 1 path
--------------------------------------------------------------------------------
Slack (setup path):     5.962ns (requirement - (data path - clock path skew + uncertainty))
  Source:               U9/rst (FF)
  Destination:          U6/P7SEG/EN (FF)
  Requirement:          10.000ns
  Data Path Delay:      3.662ns (Levels of Logic = 1)
  Clock Path Skew:      -0.341ns (0.991 - 1.332)
  Source Clock:         clk_100mhz_BUFGP rising at 0.000ns
  Destination Clock:    clk_100mhz_BUFGP rising at 10.000ns
  Clock Uncertainty:    0.035ns

  Clock Uncertainty:          0.035ns  ((TSJ^2 + TIJ^2)^1/2 + DJ) / 2 + PE
    Total System Jitter (TSJ):  0.070ns
    Total Input Jitter (TIJ):   0.000ns
    Discrete Jitter (DJ):       0.000ns
    Phase Error (PE):           0.000ns

  Maximum Data Path at Slow Process Corner: U9/rst to U6/P7SEG/EN
    Location             Delay type         Delay(ns)  Physical Resource
                                                       Logical Resource(s)
    -------------------------------------------------  -------------------
    SLICE_X98Y35.BQ      Tcko                  0.259   U9/rst_counter<26>
                                                       U9/rst
    SLICE_X37Y80.C6      net (fanout=332)      2.848   rst
    SLICE_X37Y80.C       Tilo                  0.043   SEGEN_OBUF
                                                       U6/P7SEG/rst_inv1_INV_0
    SLICE_X37Y80.CE      net (fanout=2)        0.311   U6/P7SEG/rst_inv
    SLICE_X37Y80.CLK     Tceck                 0.201   SEGEN_OBUF
                                                       U6/P7SEG/EN
    -------------------------------------------------  ---------------------------
    Total                                      3.662ns (0.503ns logic, 3.159ns route)
                                                       (13.7% logic, 86.3% route)

--------------------------------------------------------------------------------

Paths for end point U6/P7SEG/S_0 (SLICE_X36Y80.CE), 1 path
--------------------------------------------------------------------------------
Slack (setup path):     6.047ns (requirement - (data path - clock path skew + uncertainty))
  Source:               U9/rst (FF)
  Destination:          U6/P7SEG/S_0 (FF)
  Requirement:          10.000ns
  Data Path Delay:      3.577ns (Levels of Logic = 1)
  Clock Path Skew:      -0.341ns (0.991 - 1.332)
  Source Clock:         clk_100mhz_BUFGP rising at 0.000ns
  Destination Clock:    clk_100mhz_BUFGP rising at 10.000ns
  Clock Uncertainty:    0.035ns

  Clock Uncertainty:          0.035ns  ((TSJ^2 + TIJ^2)^1/2 + DJ) / 2 + PE
    Total System Jitter (TSJ):  0.070ns
    Total Input Jitter (TIJ):   0.000ns
    Discrete Jitter (DJ):       0.000ns
    Phase Error (PE):           0.000ns

  Maximum Data Path at Slow Process Corner: U9/rst to U6/P7SEG/S_0
    Location             Delay type         Delay(ns)  Physical Resource
                                                       Logical Resource(s)
    -------------------------------------------------  -------------------
    SLICE_X98Y35.BQ      Tcko                  0.259   U9/rst_counter<26>
                                                       U9/rst
    SLICE_X37Y80.C6      net (fanout=332)      2.848   rst
    SLICE_X37Y80.C       Tilo                  0.043   SEGEN_OBUF
                                                       U6/P7SEG/rst_inv1_INV_0
    SLICE_X36Y80.CE      net (fanout=2)        0.226   U6/P7SEG/rst_inv
    SLICE_X36Y80.CLK     Tceck                 0.201   U6/P7SEG/S<1>
                                                       U6/P7SEG/S_0
    -------------------------------------------------  ---------------------------
    Total                                      3.577ns (0.503ns logic, 3.074ns route)
                                                       (14.1% logic, 85.9% route)

--------------------------------------------------------------------------------

Hold Paths: TS_CLK_100M = PERIOD TIMEGRP "TM_CLK" 10 ns HIGH 50%;
--------------------------------------------------------------------------------

Paths for end point U6/P7SEG/state_FSM_FFd1 (SLICE_X36Y81.A6), 1 path
--------------------------------------------------------------------------------
Slack (hold path):      0.169ns (requirement - (clock path skew + uncertainty - data path))
  Source:               U6/P7SEG/Go_0 (FF)
  Destination:          U6/P7SEG/state_FSM_FFd1 (FF)
  Requirement:          0.000ns
  Data Path Delay:      0.169ns (Levels of Logic = 1)
  Clock Path Skew:      0.000ns
  Source Clock:         clk_100mhz_BUFGP rising at 10.000ns
  Destination Clock:    clk_100mhz_BUFGP rising at 10.000ns
  Clock Uncertainty:    0.000ns

  Minimum Data Path at Fast Process Corner: U6/P7SEG/Go_0 to U6/P7SEG/state_FSM_FFd1
    Location             Delay type         Delay(ns)  Physical Resource
                                                       Logical Resource(s)
    -------------------------------------------------  -------------------
    SLICE_X36Y81.AMUX    Tshcko                0.129   U6/P7SEG/state_FSM_FFd1
                                                       U6/P7SEG/Go_0
    SLICE_X36Y81.A6      net (fanout=5)        0.072   U6/P7SEG/Go<0>
    SLICE_X36Y81.CLK     Tah         (-Th)     0.032   U6/P7SEG/state_FSM_FFd1
                                                       U6/P7SEG/state_FSM_FFd1-In1
                                                       U6/P7SEG/state_FSM_FFd1
    -------------------------------------------------  ---------------------------
    Total                                      0.169ns (0.097ns logic, 0.072ns route)
                                                       (57.4% logic, 42.6% route)

--------------------------------------------------------------------------------

Paths for end point U6/P7SEG/sh_clk_1 (SLICE_X37Y81.A3), 1 path
--------------------------------------------------------------------------------
Slack (hold path):      0.197ns (requirement - (clock path skew + uncertainty - data path))
  Source:               U6/P7SEG/sh_clk_1 (FF)
  Destination:          U6/P7SEG/sh_clk_1 (FF)
  Requirement:          0.000ns
  Data Path Delay:      0.197ns (Levels of Logic = 1)
  Clock Path Skew:      0.000ns
  Source Clock:         clk_100mhz_BUFGP rising at 10.000ns
  Destination Clock:    clk_100mhz_BUFGP rising at 10.000ns
  Clock Uncertainty:    0.000ns

  Minimum Data Path at Fast Process Corner: U6/P7SEG/sh_clk_1 to U6/P7SEG/sh_clk_1
    Location             Delay type         Delay(ns)  Physical Resource
                                                       Logical Resource(s)
    -------------------------------------------------  -------------------
    SLICE_X37Y81.AQ      Tcko                  0.100   U6/P7SEG/sh_clk_1
                                                       U6/P7SEG/sh_clk_1
    SLICE_X37Y81.A3      net (fanout=1)        0.129   U6/P7SEG/sh_clk_1
    SLICE_X37Y81.CLK     Tah         (-Th)     0.032   U6/P7SEG/sh_clk_1
                                                       U6/P7SEG/state[1]_GND_13_o_Select_19_o1
                                                       U6/P7SEG/sh_clk_1
    -------------------------------------------------  ---------------------------
    Total                                      0.197ns (0.068ns logic, 0.129ns route)
                                                       (34.5% logic, 65.5% route)

--------------------------------------------------------------------------------

Paths for end point U6/P7SEG/EN (SLICE_X37Y80.A6), 1 path
--------------------------------------------------------------------------------
Slack (hold path):      0.201ns (requirement - (clock path skew + uncertainty - data path))
  Source:               U6/P7SEG/Go_0 (FF)
  Destination:          U6/P7SEG/EN (FF)
  Requirement:          0.000ns
  Data Path Delay:      0.212ns (Levels of Logic = 1)
  Clock Path Skew:      0.011ns (0.069 - 0.058)
  Source Clock:         clk_100mhz_BUFGP rising at 10.000ns
  Destination Clock:    clk_100mhz_BUFGP rising at 10.000ns
  Clock Uncertainty:    0.000ns

  Minimum Data Path at Fast Process Corner: U6/P7SEG/Go_0 to U6/P7SEG/EN
    Location             Delay type         Delay(ns)  Physical Resource
                                                       Logical Resource(s)
    -------------------------------------------------  -------------------
    SLICE_X36Y81.AMUX    Tshcko                0.129   U6/P7SEG/state_FSM_FFd1
                                                       U6/P7SEG/Go_0
    SLICE_X37Y80.A6      net (fanout=5)        0.115   U6/P7SEG/Go<0>
    SLICE_X37Y80.CLK     Tah         (-Th)     0.032   SEGEN_OBUF
                                                       U6/P7SEG/state[1]_Go[1]_Select_16_o1
                                                       U6/P7SEG/EN
    -------------------------------------------------  ---------------------------
    Total                                      0.212ns (0.097ns logic, 0.115ns route)
                                                       (45.8% logic, 54.2% route)

--------------------------------------------------------------------------------

Component Switching Limit Checks: TS_CLK_100M = PERIOD TIMEGRP "TM_CLK" 10 ns HIGH 50%;
--------------------------------------------------------------------------------
Slack: 8.161ns (period - min period limit)
  Period: 10.000ns
  Min period limit: 1.839ns (543.774MHz) (Trper_CLKA)
  Physical resource: U3/U0/xst_blk_mem_generator/gnativebmg.native_blk_mem_gen/valid.cstr/ramloop[0].ram.r/v6_init.ram/NO_BMM_INFO.SP.SIMPLE_PRIM36.ram/CLKARDCLKL
  Logical resource: U3/U0/xst_blk_mem_generator/gnativebmg.native_blk_mem_gen/valid.cstr/ramloop[0].ram.r/v6_init.ram/NO_BMM_INFO.SP.SIMPLE_PRIM36.ram/CLKARDCLKL
  Location pin: RAMB36_X2Y11.CLKARDCLKL
  Clock network: clk_100mhz_BUFGP
--------------------------------------------------------------------------------
Slack: 8.161ns (period - min period limit)
  Period: 10.000ns
  Min period limit: 1.839ns (543.774MHz) (Trper_CLKA)
  Physical resource: U3/U0/xst_blk_mem_generator/gnativebmg.native_blk_mem_gen/valid.cstr/ramloop[0].ram.r/v6_init.ram/NO_BMM_INFO.SP.SIMPLE_PRIM36.ram/CLKARDCLKU
  Logical resource: U3/U0/xst_blk_mem_generator/gnativebmg.native_blk_mem_gen/valid.cstr/ramloop[0].ram.r/v6_init.ram/NO_BMM_INFO.SP.SIMPLE_PRIM36.ram/CLKARDCLKU
  Location pin: RAMB36_X2Y11.CLKARDCLKU
  Clock network: clk_100mhz_BUFGP
--------------------------------------------------------------------------------
Slack: 8.161ns (period - min period limit)
  Period: 10.000ns
  Min period limit: 1.839ns (543.774MHz) (Trper_CLKB)
  Physical resource: U3/U0/xst_blk_mem_generator/gnativebmg.native_blk_mem_gen/valid.cstr/ramloop[0].ram.r/v6_init.ram/NO_BMM_INFO.SP.SIMPLE_PRIM36.ram/CLKBWRCLKL
  Logical resource: U3/U0/xst_blk_mem_generator/gnativebmg.native_blk_mem_gen/valid.cstr/ramloop[0].ram.r/v6_init.ram/NO_BMM_INFO.SP.SIMPLE_PRIM36.ram/CLKBWRCLKL
  Location pin: RAMB36_X2Y11.CLKBWRCLKL
  Clock network: clk_100mhz_BUFGP
--------------------------------------------------------------------------------


All constraints were met.


Data Sheet report:
-----------------
All values displayed in nanoseconds (ns)

Clock to Setup on destination clock clk_100mhz
---------------+---------+---------+---------+---------+
               | Src:Rise| Src:Fall| Src:Rise| Src:Fall|
Source Clock   |Dest:Rise|Dest:Rise|Dest:Fall|Dest:Fall|
---------------+---------+---------+---------+---------+
clk_100mhz     |    4.755|         |         |         |
---------------+---------+---------+---------+---------+


Timing summary:
---------------

Timing errors: 0  Score: 0  (Setup/Max: 0, Hold: 0)

Constraints cover 5103 paths, 0 nets, and 648 connections

Design statistics:
   Minimum period:   4.755ns{1}   (Maximum frequency: 210.305MHz)


------------------------------------Footnotes-----------------------------------
1)  The minimum period statistic assumes all single cycle delays.

Analysis completed Tue May 16 20:39:21 2017 
--------------------------------------------------------------------------------

Trace Settings:
-------------------------
Trace Settings 

Peak Memory Usage: 829 MB



